<?xml version='1.0' encoding='UTF-8'?>
<hotspot_log version='160 1' process='5368' time_ms='1640422558940'>
<vm_version>
<name>
OpenJDK 64-Bit Server VM
</name>
<release>
25.312-b07
</release>
<info>
OpenJDK 64-Bit Server VM (25.312-b07) for linux-amd64 JRE (1.8.0_312-b07), built on Dec 17 2021 11:51:40 by &quot;mockbuild&quot; with gcc 7.3.1 20180712 (Red Hat 7.3.1-13)
</info>
</vm_version>
<vm_arguments>
<args>
-Dinstall4j.jvmDir=/usr/lib/jvm/java-1.8.0-openjdk-1.8.0.312.b07-1.amzn2.0.2.x86_64/jre -Dexe4j.moduleName=/opt/nexus/bin/nexus -XX:+UnlockDiagnosticVMOptions -Dinstall4j.launcherId=245 -Dinstall4j.swt=false -Di4jv=0 -Di4jv=0 -Di4jv=0 -Di4jv=0 -Di4jv=0 -Xms1024m -Xmx1024m -XX:MaxDirectMemorySize=1024m -XX:+UnlockDiagnosticVMOptions -XX:+LogVMOutput -XX:LogFile=../sonatype-work/nexus3/log/jvm.log -XX:-OmitStackTraceInFastThrow -Djava.net.preferIPv4Stack=true -Dkaraf.home=. -Dkaraf.base=. -Dkaraf.etc=etc/karaf -Djava.util.logging.config.file=etc/karaf/java.util.logging.properties -Dkaraf.data=../sonatype-work/nexus3 -Dkaraf.log=../sonatype-work/nexus3/log -Djava.io.tmpdir=../sonatype-work/nexus3/tmp -Dkaraf.startLocalConsole=false -Djdk.tls.ephemeralDHKeySize=2048 -Djava.endorsed.dirs=lib/endorsed -Dstorage.diskCache.diskFreeSpaceLimit=1024 -Di4j.vpt=true 
</args>
<command>
com.install4j.runtime.launcher.UnixLauncher start 9d17dc87 0 0 org.sonatype.nexus.karaf.NexusMain
</command>
<launcher>
SUN_STANDARD
</launcher>
<properties>
java.vm.specification.name=Java Virtual Machine Specification
java.vm.version=25.312-b07
java.vm.name=OpenJDK 64-Bit Server VM
java.vm.info=mixed mode, sharing
java.ext.dirs=/usr/lib/jvm/java-1.8.0-openjdk-1.8.0.312.b07-1.amzn2.0.2.x86_64/jre/lib/ext:/usr/java/packages/lib/ext
java.endorsed.dirs=lib/endorsed
sun.boot.library.path=/usr/lib/jvm/java-1.8.0-openjdk-1.8.0.312.b07-1.amzn2.0.2.x86_64/jre/lib/amd64
java.library.path=/opt/nexus/lib::/usr/java/packages/lib/amd64:/usr/lib64:/lib64:/lib:/usr/lib
java.home=/usr/lib/jvm/java-1.8.0-openjdk-1.8.0.312.b07-1.amzn2.0.2.x86_64/jre
java.class.path=/opt/nexus/.install4j/i4jruntime.jar:/opt/nexus/lib/boot/nexus-main.jar:/opt/nexus/lib/boot/activation-1.1.1.jar:/opt/nexus/lib/boot/jakarta.xml.bind-api-2.3.3.jar:/opt/nexus/lib/boot/jaxb-runtime-2.3.3.jar:/opt/nexus/lib/boot/txw2-2.3.3.jar:/opt/nexus/lib/boot/istack-commons-runtime-3.0.10.jar:/opt/nexus/lib/boot/org.apache.karaf.main-4.3.2.jar:/opt/nexus/lib/boot/osgi.core-7.0.0.jar:/opt/nexus/lib/boot/org.apache.karaf.specs.activator-4.3.2.jar:/opt/nexus/lib/boot/org.apache.karaf.diagnostic.boot-4.3.2.jar:/opt/nexus/lib/boot/org.apache.karaf.jaas.boot-4.3.2.jar
sun.boot.class.path=lib/endorsed/org.apache.karaf.specs.java.xml-4.3.2.jar:lib/endorsed/org.apache.karaf.specs.locator-4.3.2.jar:/usr/lib/jvm/java-1.8.0-openjdk-1.8.0.312.b07-1.amzn2.0.2.x86_64/jre/lib/resources.jar:/usr/lib/jvm/java-1.8.0-openjdk-1.8.0.312.b07-1.amzn2.0.2.x86_64/jre/lib/rt.jar:/usr/lib/jvm/java-1.8.0-openjdk-1.8.0.312.b07-1.amzn2.0.2.x86_64/jre/lib/sunrsasign.jar:/usr/lib/jvm/java-1.8.0-openjdk-1.8.0.312.b07-1.amzn2.0.2.x86_64/jre/lib/jsse.jar:/usr/lib/jvm/java-1.8.0-openjdk-1.8.0.312.b07-1.amzn2.0.2.x86_64/jre/lib/jce.jar:/usr/lib/jvm/java-1.8.0-openjdk-1.8.0.312.b07-1.amzn2.0.2.x86_64/jre/lib/charsets.jar:/usr/lib/jvm/java-1.8.0-openjdk-1.8.0.312.b07-1.amzn2.0.2.x86_64/jre/lib/jfr.jar:/usr/lib/jvm/java-1.8.0-openjdk-1.8.0.312.b07-1.amzn2.0.2.x86_64/jre/classes
java.vm.specification.vendor=Oracle Corporation
java.vm.specification.version=1.8
java.vm.vendor=Red Hat, Inc.
install4j.jvmDir=/usr/lib/jvm/java-1.8.0-openjdk-1.8.0.312.b07-1.amzn2.0.2.x86_64/jre
exe4j.moduleName=/opt/nexus/bin/nexus
install4j.launcherId=245
install4j.swt=false
i4jv=0
java.net.preferIPv4Stack=true
karaf.home=.
karaf.base=.
karaf.etc=etc/karaf
java.util.logging.config.file=etc/karaf/java.util.logging.properties
karaf.data=../sonatype-work/nexus3
karaf.log=../sonatype-work/nexus3/log
java.io.tmpdir=../sonatype-work/nexus3/tmp
karaf.startLocalConsole=false
jdk.tls.ephemeralDHKeySize=2048
storage.diskCache.diskFreeSpaceLimit=1024
i4j.vpt=true
sun.java.command=com.install4j.runtime.launcher.UnixLauncher start 9d17dc87 0 0 org.sonatype.nexus.karaf.NexusMain
sun.java.launcher=SUN_STANDARD
</properties>
</vm_arguments>
<tty>
<blob name='MethodHandlesAdapterBlob' size='32000'>
<sect index='1' size='32000' free='31632'/>
</blob>
<writer thread='139657857685248'/>
<dependency_failed type='leaf_type' ctxk='java/util/jar/JarFile' witness='sun/net/www/protocol/jar/URLJarFile' stamp='0.783'/>
<dependency_failed type='leaf_type' ctxk='java/util/jar/JarFile' witness='sun/net/www/protocol/jar/URLJarFile' stamp='0.783'/>
<dependency_failed type='unique_concrete_method' ctxk='java/lang/ThreadLocal' x='java/lang/ThreadLocal initialValue ()Ljava/lang/Object;' witness='org/apache/felix/framework/util/SecureAction$1' stamp='0.818'/>
<dependency_failed type='leaf_type' ctxk='java/lang/ThreadLocal' witness='org/apache/felix/framework/util/SecureAction$1' stamp='0.818'/>
<dependency_failed type='leaf_type' ctxk='java/lang/ThreadLocal' witness='org/apache/felix/framework/util/SecureAction$1' stamp='0.818'/>
<dependency_failed type='leaf_type' ctxk='java/lang/ThreadLocal' witness='org/apache/felix/framework/util/SecureAction$1' stamp='0.818'/>
<dependency_failed type='leaf_type' ctxk='java/lang/ThreadLocal' witness='org/apache/felix/framework/util/SecureAction$1' stamp='0.818'/>
<dependency_failed type='leaf_type' ctxk='org/apache/felix/framework/wiring/BundleCapabilityImpl' witness='org/apache/felix/framework/ServiceRegistrationImpl$ServiceReferenceImpl' stamp='1.007'/>
<dependency_failed type='leaf_type' ctxk='org/apache/felix/framework/wiring/BundleCapabilityImpl' witness='org/apache/felix/framework/ServiceRegistrationImpl$ServiceReferenceImpl' stamp='1.007'/>
<dependency_failed type='unique_concrete_method' ctxk='java/net/URLStreamHandler' x='java/net/URLStreamHandler equals (Ljava/net/URL;Ljava/net/URL;)Z' witness='org/apache/felix/framework/URLHandlersStreamHandlerProxy' stamp='1.012'/>
<dependency_failed type='unique_concrete_method' ctxk='java/net/URLStreamHandler' x='java/net/URLStreamHandler equals (Ljava/net/URL;Ljava/net/URL;)Z' witness='org/apache/felix/framework/URLHandlersStreamHandlerProxy' stamp='1.012'/>
<writer thread='139657327933184'/>
<dependency_failed type='abstract_with_unique_concrete_subtype' ctxk='java/nio/charset/CharsetEncoder' x='sun/nio/cs/UTF_8$Encoder' witness='sun/nio/cs/ISO_8859_1$Encoder' stamp='1.084'/>
<dependency_failed type='abstract_with_unique_concrete_subtype' ctxk='java/nio/charset/CharsetEncoder' x='sun/nio/cs/UTF_8$Encoder' witness='sun/nio/cs/ISO_8859_1$Encoder' stamp='1.084'/>
<dependency_failed type='unique_concrete_method' ctxk='sun/nio/cs/ArrayEncoder' x='sun/nio/cs/UTF_8$Encoder encode ([CII[B)I' witness='sun/nio/cs/ArrayEncoder' stamp='1.084'/>
<dependency_failed type='unique_concrete_method' ctxk='sun/nio/cs/ArrayEncoder' x='sun/nio/cs/UTF_8$Encoder encode ([CII[B)I' witness='sun/nio/cs/ArrayEncoder' stamp='1.084'/>
<writer thread='139657857685248'/>
<dependency_failed type='unique_concrete_method' ctxk='java/lang/ThreadLocal' x='java/lang/ThreadLocal getMap (Ljava/lang/Thread;)Ljava/lang/ThreadLocal$ThreadLocalMap;' witness='java/lang/InheritableThreadLocal' stamp='1.651'/>
<dependency_failed type='unique_concrete_method' ctxk='java/lang/ThreadLocal' x='java/lang/ThreadLocal getMap (Ljava/lang/Thread;)Ljava/lang/ThreadLocal$ThreadLocalMap;' witness='java/lang/InheritableThreadLocal' stamp='1.651'/>
<dependency_failed type='unique_concrete_method' ctxk='java/lang/ThreadLocal' x='java/lang/ThreadLocal getMap (Ljava/lang/Thread;)Ljava/lang/ThreadLocal$ThreadLocalMap;' witness='java/lang/InheritableThreadLocal' stamp='1.651'/>
<dependency_failed type='unique_concrete_method' ctxk='java/lang/ThreadLocal' x='java/lang/ThreadLocal getMap (Ljava/lang/Thread;)Ljava/lang/ThreadLocal$ThreadLocalMap;' witness='java/lang/InheritableThreadLocal' stamp='1.651'/>
<dependency_failed type='unique_concrete_method' ctxk='java/lang/ThreadLocal' x='java/lang/ThreadLocal getMap (Ljava/lang/Thread;)Ljava/lang/ThreadLocal$ThreadLocalMap;' witness='java/lang/InheritableThreadLocal' stamp='1.651'/>
<dependency_failed type='leaf_type' ctxk='java/util/Properties' witness='java/security/Provider' stamp='1.652'/>
<dependency_failed type='leaf_type' ctxk='java/util/Properties' witness='java/security/Provider' stamp='1.652'/>
<dependency_failed type='leaf_type' ctxk='java/util/Properties' witness='java/security/Provider' stamp='1.652'/>
<dependency_failed type='leaf_type' ctxk='java/util/Properties' witness='java/security/Provider' stamp='1.652'/>
<dependency_failed type='leaf_type' ctxk='java/util/Properties' witness='java/security/Provider' stamp='1.652'/>
<dependency_failed type='leaf_type' ctxk='java/util/HashSet' witness='java/util/LinkedHashSet' stamp='1.725'/>
<dependency_failed type='leaf_type' ctxk='java/util/HashSet' witness='java/util/LinkedHashSet' stamp='1.725'/>
<writer thread='139657322669824'/>
<dependency_failed type='leaf_type' ctxk='java/util/concurrent/CopyOnWriteArrayList' witness='ch/qos/logback/classic/spi/TurboFilterList' stamp='2.545'/>
<dependency_failed type='unique_concrete_method' ctxk='java/lang/Throwable' x='java/lang/Throwable fillInStackTrace ()Ljava/lang/Throwable;' witness='com/sun/org/apache/xerces/internal/impl/XMLEntityScanner$1' stamp='2.633'/>
<dependency_failed type='leaf_type' ctxk='java/util/ArrayList' witness='com/sun/istack/FinalArrayList' stamp='3.508'/>
<dependency_failed type='leaf_type' ctxk='java/util/ArrayList' witness='com/sun/istack/FinalArrayList' stamp='3.508'/>
<dependency_failed type='leaf_type' ctxk='java/util/ArrayList' witness='com/sun/istack/FinalArrayList' stamp='3.508'/>
<dependency_failed type='leaf_type' ctxk='java/util/ArrayList' witness='com/sun/istack/FinalArrayList' stamp='3.508'/>
<dependency_failed type='leaf_type' ctxk='java/util/ArrayList' witness='com/sun/istack/FinalArrayList' stamp='3.508'/>
<dependency_failed type='leaf_type' ctxk='java/util/ArrayList' witness='com/sun/istack/FinalArrayList' stamp='3.508'/>
<dependency_failed type='leaf_type' ctxk='java/util/ArrayList' witness='com/sun/istack/FinalArrayList' stamp='3.508'/>
<dependency_failed type='leaf_type' ctxk='java/util/ArrayList' witness='com/sun/istack/FinalArrayList' stamp='3.508'/>
<dependency_failed type='leaf_type' ctxk='java/util/ArrayList' witness='com/sun/istack/FinalArrayList' stamp='3.508'/>
<dependency_failed type='leaf_type' ctxk='java/util/ArrayList' witness='com/sun/istack/FinalArrayList' stamp='3.508'/>
<dependency_failed type='leaf_type' ctxk='java/util/ArrayList' witness='com/sun/istack/FinalArrayList' stamp='3.508'/>
<dependency_failed type='leaf_type' ctxk='java/util/ArrayList' witness='com/sun/istack/FinalArrayList' stamp='3.508'/>
<dependency_failed type='leaf_type' ctxk='java/util/ArrayList' witness='com/sun/istack/FinalArrayList' stamp='3.508'/>
<dependency_failed type='leaf_type' ctxk='java/util/ArrayList' witness='com/sun/istack/FinalArrayList' stamp='3.508'/>
<dependency_failed type='leaf_type' ctxk='java/util/ArrayList' witness='com/sun/istack/FinalArrayList' stamp='3.508'/>
<dependency_failed type='leaf_type' ctxk='java/util/ArrayList' witness='com/sun/istack/FinalArrayList' stamp='3.508'/>
<dependency_failed type='leaf_type' ctxk='java/util/ArrayList' witness='com/sun/istack/FinalArrayList' stamp='3.508'/>
<dependency_failed type='leaf_type' ctxk='java/util/ArrayList' witness='com/sun/istack/FinalArrayList' stamp='3.508'/>
<dependency_failed type='leaf_type' ctxk='java/util/ArrayList' witness='com/sun/istack/FinalArrayList' stamp='3.508'/>
<dependency_failed type='leaf_type' ctxk='java/util/ArrayList' witness='com/sun/istack/FinalArrayList' stamp='3.508'/>
<dependency_failed type='leaf_type' ctxk='java/util/ArrayList' witness='com/sun/istack/FinalArrayList' stamp='3.508'/>
<dependency_failed type='leaf_type' ctxk='java/util/ArrayList' witness='com/sun/istack/FinalArrayList' stamp='3.508'/>
<dependency_failed type='leaf_type' ctxk='java/util/ArrayList' witness='com/sun/istack/FinalArrayList' stamp='3.508'/>
<dependency_failed type='leaf_type' ctxk='java/util/ArrayList' witness='com/sun/istack/FinalArrayList' stamp='3.508'/>
<dependency_failed type='leaf_type' ctxk='java/util/ArrayList' witness='com/sun/istack/FinalArrayList' stamp='3.508'/>
<dependency_failed type='leaf_type' ctxk='java/util/ArrayList' witness='com/sun/istack/FinalArrayList' stamp='3.508'/>
<dependency_failed type='leaf_type' ctxk='java/util/ArrayList' witness='com/sun/istack/FinalArrayList' stamp='3.508'/>
<dependency_failed type='leaf_type' ctxk='java/util/ArrayList' witness='com/sun/istack/FinalArrayList' stamp='3.508'/>
<dependency_failed type='leaf_type' ctxk='java/util/ArrayList' witness='com/sun/istack/FinalArrayList' stamp='3.508'/>
<dependency_failed type='leaf_type' ctxk='java/util/ArrayList' witness='com/sun/istack/FinalArrayList' stamp='3.508'/>
<dependency_failed type='leaf_type' ctxk='java/util/ArrayList' witness='com/sun/istack/FinalArrayList' stamp='3.508'/>
<dependency_failed type='leaf_type' ctxk='java/util/ArrayList' witness='com/sun/istack/FinalArrayList' stamp='3.508'/>
<dependency_failed type='leaf_type' ctxk='java/util/ArrayList' witness='com/sun/istack/FinalArrayList' stamp='3.508'/>
<dependency_failed type='leaf_type' ctxk='java/util/ArrayList' witness='com/sun/istack/FinalArrayList' stamp='3.508'/>
<dependency_failed type='leaf_type' ctxk='java/util/ArrayList' witness='com/sun/istack/FinalArrayList' stamp='3.508'/>
<dependency_failed type='leaf_type' ctxk='java/util/ArrayList' witness='com/sun/istack/FinalArrayList' stamp='3.508'/>
<dependency_failed type='leaf_type' ctxk='java/util/ArrayList' witness='com/sun/istack/FinalArrayList' stamp='3.508'/>
<dependency_failed type='leaf_type' ctxk='java/util/ArrayList' witness='com/sun/istack/FinalArrayList' stamp='3.508'/>
<dependency_failed type='leaf_type' ctxk='java/util/ArrayList' witness='com/sun/istack/FinalArrayList' stamp='3.508'/>
<dependency_failed type='leaf_type' ctxk='java/util/ArrayList' witness='com/sun/istack/FinalArrayList' stamp='3.508'/>
<dependency_failed type='leaf_type' ctxk='java/util/ArrayList' witness='com/sun/istack/FinalArrayList' stamp='3.508'/>
<dependency_failed type='leaf_type' ctxk='java/util/ArrayList' witness='com/sun/istack/FinalArrayList' stamp='3.508'/>
<dependency_failed type='leaf_type' ctxk='java/util/Date' witness='java/sql/Timestamp' stamp='3.837'/>
<dependency_failed type='leaf_type' ctxk='java/util/Date' witness='java/sql/Timestamp' stamp='3.837'/>
<dependency_failed type='leaf_type' ctxk='java/util/Date' witness='java/sql/Timestamp' stamp='3.837'/>
<dependency_failed type='leaf_type' ctxk='java/util/Date' witness='java/sql/Timestamp' stamp='3.837'/>
<dependency_failed type='leaf_type' ctxk='java/util/Date' witness='java/sql/Timestamp' stamp='3.837'/>
<dependency_failed type='leaf_type' ctxk='java/util/Date' witness='java/sql/Timestamp' stamp='3.837'/>
<dependency_failed type='leaf_type' ctxk='com/sun/org/apache/xerces/internal/util/NamespaceSupport' witness='com/sun/org/apache/xerces/internal/impl/xs/SchemaNamespaceSupport' stamp='3.944'/>
<dependency_failed type='leaf_type' ctxk='com/sun/org/apache/xerces/internal/xni/QName' witness='com/sun/org/apache/xerces/internal/impl/dv/xs/QNameDV$XQName' stamp='3.946'/>
<dependency_failed type='leaf_type' ctxk='com/sun/org/apache/xerces/internal/xni/QName' witness='com/sun/org/apache/xerces/internal/impl/dv/xs/QNameDV$XQName' stamp='3.946'/>
<dependency_failed type='leaf_type' ctxk='java/util/ArrayList$Itr' witness='java/util/ArrayList$ListItr' stamp='3.972'/>
<dependency_failed type='leaf_type' ctxk='java/util/ArrayList$Itr' witness='java/util/ArrayList$ListItr' stamp='3.972'/>
<dependency_failed type='leaf_type' ctxk='java/util/ArrayList$Itr' witness='java/util/ArrayList$ListItr' stamp='3.972'/>
<dependency_failed type='leaf_type' ctxk='java/io/PrintStream' witness='org/apache/felix/gogo/runtime/threadio/ThreadPrintStream' stamp='5.008'/>
<dependency_failed type='leaf_type' ctxk='org/osgi/framework/ServiceEvent' witness='org/apache/felix/scr/impl/manager/ExtendedServiceEvent' stamp='5.224'/>
<dependency_failed type='leaf_type' ctxk='org/osgi/framework/ServiceEvent' witness='org/apache/felix/scr/impl/manager/ExtendedServiceEvent' stamp='5.224'/>
<dependency_failed type='leaf_type' ctxk='java/util/concurrent/atomic/AtomicLong' witness='org/eclipse/jetty/util/AtomicBiInteger' stamp='5.307'/>
<dependency_failed type='leaf_type' ctxk='java/util/concurrent/atomic/AtomicLong' witness='org/eclipse/jetty/util/AtomicBiInteger' stamp='5.307'/>
<dependency_failed type='leaf_type' ctxk='java/util/concurrent/atomic/AtomicLong' witness='org/eclipse/jetty/util/AtomicBiInteger' stamp='5.307'/>
<dependency_failed type='unique_concrete_method' ctxk='java/util/stream/BaseStream' x='java/util/stream/AbstractPipeline sequential ()Ljava/util/stream/BaseStream;' witness='java/util/stream/IntStream' stamp='5.347'/>
<dependency_failed type='unique_concrete_method' ctxk='java/util/HashMap' x='java/util/HashMap remove (Ljava/lang/Object;)Ljava/lang/Object;' witness='org/eclipse/jetty/http/PathMap' stamp='5.429'/>
<dependency_failed type='unique_concrete_method' ctxk='java/util/HashMap' x='java/util/HashMap put (Ljava/lang/Object;Ljava/lang/Object;)Ljava/lang/Object;' witness='org/eclipse/jetty/http/PathMap' stamp='5.429'/>
<dependency_failed type='unique_concrete_method' ctxk='java/util/HashMap' x='java/util/HashMap put (Ljava/lang/Object;Ljava/lang/Object;)Ljava/lang/Object;' witness='org/eclipse/jetty/http/PathMap' stamp='5.429'/>
<dependency_failed type='unique_concrete_method' ctxk='java/util/HashMap' x='java/util/HashMap put (Ljava/lang/Object;Ljava/lang/Object;)Ljava/lang/Object;' witness='org/eclipse/jetty/http/PathMap' stamp='5.429'/>
<dependency_failed type='unique_concrete_method' ctxk='java/util/HashMap' x='java/util/HashMap put (Ljava/lang/Object;Ljava/lang/Object;)Ljava/lang/Object;' witness='org/eclipse/jetty/http/PathMap' stamp='5.429'/>
<dependency_failed type='unique_concrete_method' ctxk='java/util/HashMap' x='java/util/HashMap put (Ljava/lang/Object;Ljava/lang/Object;)Ljava/lang/Object;' witness='org/eclipse/jetty/http/PathMap' stamp='5.429'/>
<dependency_failed type='unique_concrete_method' ctxk='java/util/HashMap' x='java/util/HashMap put (Ljava/lang/Object;Ljava/lang/Object;)Ljava/lang/Object;' witness='org/eclipse/jetty/http/PathMap' stamp='5.429'/>
<dependency_failed type='unique_concrete_method' ctxk='java/util/HashMap' x='java/util/HashMap put (Ljava/lang/Object;Ljava/lang/Object;)Ljava/lang/Object;' witness='org/eclipse/jetty/http/PathMap' stamp='5.429'/>
<dependency_failed type='unique_concrete_method' ctxk='java/util/HashMap' x='java/util/HashMap put (Ljava/lang/Object;Ljava/lang/Object;)Ljava/lang/Object;' witness='org/eclipse/jetty/http/PathMap' stamp='5.429'/>
<dependency_failed type='unique_concrete_method' ctxk='java/util/HashMap' x='java/util/HashMap put (Ljava/lang/Object;Ljava/lang/Object;)Ljava/lang/Object;' witness='org/eclipse/jetty/http/PathMap' stamp='5.429'/>
<dependency_failed type='unique_concrete_method' ctxk='java/util/HashMap' x='java/util/HashMap put (Ljava/lang/Object;Ljava/lang/Object;)Ljava/lang/Object;' witness='org/eclipse/jetty/http/PathMap' stamp='5.429'/>
<dependency_failed type='unique_concrete_method' ctxk='java/util/HashMap' x='java/util/HashMap put (Ljava/lang/Object;Ljava/lang/Object;)Ljava/lang/Object;' witness='org/eclipse/jetty/http/PathMap' stamp='5.429'/>
<writer thread='139656360359680'/>
<dependency_failed type='leaf_type' ctxk='java/util/StringTokenizer' witness='org/eclipse/jetty/util/QuotedStringTokenizer' stamp='5.562'/>
<dependency_failed type='leaf_type' ctxk='java/util/StringTokenizer' witness='org/eclipse/jetty/util/QuotedStringTokenizer' stamp='5.562'/>
<dependency_failed type='leaf_type' ctxk='java/util/StringTokenizer' witness='org/eclipse/jetty/util/QuotedStringTokenizer' stamp='5.562'/>
<dependency_failed type='leaf_type' ctxk='java/util/StringTokenizer' witness='org/eclipse/jetty/util/QuotedStringTokenizer' stamp='5.562'/>
<dependency_failed type='leaf_type' ctxk='java/util/StringTokenizer' witness='org/eclipse/jetty/util/QuotedStringTokenizer' stamp='5.562'/>
<dependency_failed type='leaf_type' ctxk='java/util/StringTokenizer' witness='org/eclipse/jetty/util/QuotedStringTokenizer' stamp='5.562'/>
<dependency_failed type='leaf_type' ctxk='java/util/StringTokenizer' witness='org/eclipse/jetty/util/QuotedStringTokenizer' stamp='5.562'/>
<dependency_failed type='unique_concrete_method' ctxk='java/nio/HeapByteBuffer' x='java/nio/HeapByteBuffer _get (I)B' witness='java/nio/HeapByteBufferR' stamp='5.567'/>
<dependency_failed type='leaf_type' ctxk='java/nio/HeapByteBuffer' witness='java/nio/HeapByteBufferR' stamp='5.567'/>
<dependency_failed type='leaf_type' ctxk='java/nio/HeapByteBuffer' witness='java/nio/HeapByteBufferR' stamp='5.567'/>
<dependency_failed type='leaf_type' ctxk='java/nio/HeapByteBuffer' witness='java/nio/HeapByteBufferR' stamp='5.567'/>
<dependency_failed type='leaf_type' ctxk='java/nio/HeapByteBuffer' witness='java/nio/HeapByteBufferR' stamp='5.567'/>
<dependency_failed type='leaf_type' ctxk='com/sun/org/apache/xerces/internal/dom/DocumentTypeImpl' witness='com/sun/org/apache/xerces/internal/dom/DeferredDocumentTypeImpl' stamp='5.661'/>
<dependency_failed type='leaf_type' ctxk='com/sun/org/apache/xerces/internal/dom/DocumentTypeImpl' witness='com/sun/org/apache/xerces/internal/dom/DeferredDocumentTypeImpl' stamp='5.661'/>
<dependency_failed type='unique_concrete_method' ctxk='java/util/concurrent/RejectedExecutionHandler' x='java/util/concurrent/ThreadPoolExecutor$AbortPolicy rejectedExecution (Ljava/lang/Runnable;Ljava/util/concurrent/ThreadPoolExecutor;)V' witness='java/util/concurrent/RejectedExecutionHandler' stamp='5.740'/>
<dependency_failed type='leaf_type' ctxk='java/util/AbstractMap$SimpleImmutableEntry' witness='aQute/lib/unmodifiable/ImmutableEntry' stamp='5.760'/>
<dependency_failed type='unique_concrete_method' ctxk='java/util/stream/AbstractPipeline' x='java/util/stream/AbstractPipeline opEvaluateParallel (Ljava/util/stream/PipelineHelper;Ljava/util/Spliterator;Ljava/util/function/IntFunction;)Ljava/util/stream/Node;' witness='java/util/stream/SortedOps$OfRef' stamp='5.778'/>
<dependency_failed type='unique_concrete_method' ctxk='java/util/stream/AbstractPipeline' x='java/util/stream/AbstractPipeline opEvaluateParallelLazy (Ljava/util/stream/PipelineHelper;Ljava/util/Spliterator;)Ljava/util/Spliterator;' witness='java/util/stream/DistinctOps$1' stamp='5.921'/>
<dependency_failed type='unique_concrete_method' ctxk='java/util/concurrent/Future' x='java/util/concurrent/FutureTask isDone ()Z' witness='java/util/concurrent/Future' stamp='8.963'/>
<dependency_failed type='unique_concrete_method' ctxk='java/util/HashMap' x='java/util/HashMap isEmpty ()Z' witness='org/apache/commons/beanutils/WeakFastHashMap' stamp='9.027'/>
<dependency_failed type='unique_concrete_method' ctxk='java/util/HashMap' x='java/util/HashMap containsKey (Ljava/lang/Object;)Z' witness='org/apache/commons/beanutils/WeakFastHashMap' stamp='9.027'/>
<dependency_failed type='unique_concrete_method' ctxk='java/util/HashMap' x='java/util/HashMap size ()I' witness='org/apache/commons/beanutils/WeakFastHashMap' stamp='9.027'/>
<dependency_failed type='unique_concrete_method' ctxk='java/util/HashMap' x='java/util/HashMap containsKey (Ljava/lang/Object;)Z' witness='org/apache/commons/beanutils/WeakFastHashMap' stamp='9.027'/>
<dependency_failed type='unique_concrete_method' ctxk='java/util/HashMap' x='java/util/HashMap containsKey (Ljava/lang/Object;)Z' witness='org/apache/commons/beanutils/WeakFastHashMap' stamp='9.027'/>
<dependency_failed type='unique_concrete_method' ctxk='java/util/HashMap' x='java/util/HashMap containsKey (Ljava/lang/Object;)Z' witness='org/apache/commons/beanutils/WeakFastHashMap' stamp='9.027'/>
<dependency_failed type='unique_concrete_method' ctxk='java/util/HashMap' x='java/util/HashMap containsKey (Ljava/lang/Object;)Z' witness='org/apache/commons/beanutils/WeakFastHashMap' stamp='9.027'/>
<dependency_failed type='unique_concrete_method' ctxk='java/util/HashMap' x='java/util/HashMap containsKey (Ljava/lang/Object;)Z' witness='org/apache/commons/beanutils/WeakFastHashMap' stamp='9.027'/>
<dependency_failed type='unique_concrete_method' ctxk='java/util/HashMap' x='java/util/HashMap size ()I' witness='org/apache/commons/beanutils/WeakFastHashMap' stamp='9.027'/>
<dependency_failed type='unique_concrete_method' ctxk='java/util/HashMap' x='java/util/HashMap clone ()Ljava/lang/Object;' witness='org/apache/commons/beanutils/WeakFastHashMap' stamp='9.027'/>
<dependency_failed type='unique_concrete_method' ctxk='java/util/HashMap' x='java/util/HashMap containsKey (Ljava/lang/Object;)Z' witness='org/apache/commons/beanutils/WeakFastHashMap' stamp='9.027'/>
<dependency_failed type='unique_concrete_method' ctxk='java/util/HashMap' x='java/util/HashMap isEmpty ()Z' witness='org/apache/commons/beanutils/WeakFastHashMap' stamp='9.027'/>
<dependency_failed type='leaf_type' ctxk='java/util/concurrent/atomic/AtomicReference' witness='org/eclipse/sisu/inject/RankedSequence' stamp='9.151'/>
<dependency_failed type='leaf_type' ctxk='java/util/concurrent/atomic/AtomicReference' witness='org/eclipse/sisu/inject/RankedSequence' stamp='9.151'/>
<dependency_failed type='leaf_type' ctxk='java/util/concurrent/atomic/AtomicReference' witness='org/eclipse/sisu/inject/RankedSequence' stamp='9.151'/>
<dependency_failed type='leaf_type' ctxk='java/util/concurrent/atomic/AtomicReference' witness='org/eclipse/sisu/inject/RankedSequence' stamp='9.151'/>
<dependency_failed type='leaf_type' ctxk='java/util/concurrent/atomic/AtomicReference' witness='org/eclipse/sisu/inject/RankedSequence' stamp='9.151'/>
<dependency_failed type='leaf_type' ctxk='java/util/concurrent/atomic/AtomicReference' witness='org/eclipse/sisu/inject/RankedSequence' stamp='9.151'/>
<dependency_failed type='leaf_type' ctxk='java/io/ObjectInputStream' witness='org/apache/shiro/io/ClassResolvingObjectInputStream' stamp='9.402'/>
<writer thread='139657446651648'/>
<dependency_failed type='unique_concrete_method' ctxk='java/util/HashMap' x='java/util/HashMap isEmpty ()Z' witness='org/apache/commons/beanutils/WeakFastHashMap' stamp='10.022'/>
<dependency_failed type='unique_concrete_method' ctxk='java/util/HashMap' x='java/util/HashMap size ()I' witness='org/apache/commons/beanutils/WeakFastHashMap' stamp='10.022'/>
<dependency_failed type='unique_concrete_method' ctxk='java/util/HashMap' x='java/util/HashMap containsKey (Ljava/lang/Object;)Z' witness='org/apache/commons/beanutils/WeakFastHashMap' stamp='10.022'/>
<writer thread='139656360359680'/>
<dependency_failed type='unique_concrete_method' ctxk='com/google/inject/Binding' x='com/google/inject/internal/BindingImpl getKey ()Lcom/google/inject/Key;' witness='com/google/inject/Binding' stamp='10.807'/>
<dependency_failed type='unique_concrete_method' ctxk='com/google/inject/Binding' x='com/google/inject/internal/BindingImpl getKey ()Lcom/google/inject/Key;' witness='com/google/inject/Binding' stamp='10.807'/>
<dependency_failed type='unique_concrete_method' ctxk='com/google/inject/Binding' x='com/google/inject/internal/BindingImpl getKey ()Lcom/google/inject/Key;' witness='com/google/inject/Binding' stamp='10.807'/>
<dependency_failed type='unique_concrete_method' ctxk='com/google/inject/Binding' x='com/google/inject/internal/BindingImpl getKey ()Lcom/google/inject/Key;' witness='com/google/inject/Binding' stamp='10.807'/>
<dependency_failed type='leaf_type' ctxk='java/util/Collections$UnmodifiableMap' witness='java/util/Collections$UnmodifiableSortedMap' stamp='11.516'/>
<dependency_failed type='unique_concrete_method' ctxk='java/lang/reflect/AccessibleObject' x='java/lang/reflect/AccessibleObject setAccessible (Z)V' witness='com/google/common/reflect/Element' stamp='11.621'/>
<writer thread='139657322669824'/>
<dependency_failed type='leaf_type' ctxk='com/google/common/collect/AbstractMapBasedMultimap$WrappedCollection$WrappedIterator' witness='com/google/common/collect/AbstractMapBasedMultimap$WrappedList$WrappedListIterator' stamp='20.983'/>
<dependency_failed type='leaf_type' ctxk='java/lang/ClassFormatError' witness='java/lang/UnsupportedClassVersionError' stamp='21.108'/>
<dependency_failed type='abstract_with_unique_concrete_subtype' ctxk='java/util/TimeZone' x='sun/util/calendar/ZoneInfo' witness='java/util/SimpleTimeZone' stamp='24.217'/>
<dependency_failed type='abstract_with_unique_concrete_subtype' ctxk='java/util/TimeZone' x='sun/util/calendar/ZoneInfo' witness='java/util/SimpleTimeZone' stamp='24.217'/>
<dependency_failed type='abstract_with_unique_concrete_subtype' ctxk='java/util/TimeZone' x='sun/util/calendar/ZoneInfo' witness='java/util/SimpleTimeZone' stamp='24.217'/>
<dependency_failed type='abstract_with_unique_concrete_subtype' ctxk='java/util/TimeZone' x='sun/util/calendar/ZoneInfo' witness='java/util/SimpleTimeZone' stamp='24.217'/>
<dependency_failed type='abstract_with_unique_concrete_subtype' ctxk='java/util/TimeZone' x='sun/util/calendar/ZoneInfo' witness='java/util/SimpleTimeZone' stamp='24.217'/>
<dependency_failed type='abstract_with_unique_concrete_subtype' ctxk='java/util/TimeZone' x='sun/util/calendar/ZoneInfo' witness='java/util/SimpleTimeZone' stamp='24.217'/>
<dependency_failed type='abstract_with_unique_concrete_subtype' ctxk='java/util/TimeZone' x='sun/util/calendar/ZoneInfo' witness='java/util/SimpleTimeZone' stamp='24.217'/>
<dependency_failed type='abstract_with_unique_concrete_subtype' ctxk='java/util/TimeZone' x='sun/util/calendar/ZoneInfo' witness='java/util/SimpleTimeZone' stamp='24.217'/>
<dependency_failed type='unique_concrete_method' ctxk='java/util/LinkedHashMap' x='java/util/LinkedHashMap get (Ljava/lang/Object;)Ljava/lang/Object;' witness='jdk/nashorn/internal/runtime/Context$ClassCache' stamp='27.548'/>
<dependency_failed type='unique_concrete_method' ctxk='java/util/LinkedHashMap' x='java/util/LinkedHashMap get (Ljava/lang/Object;)Ljava/lang/Object;' witness='jdk/nashorn/internal/runtime/Context$ClassCache' stamp='27.548'/>
<dependency_failed type='unique_concrete_method' ctxk='java/util/LinkedHashMap' x='java/util/LinkedHashMap get (Ljava/lang/Object;)Ljava/lang/Object;' witness='jdk/nashorn/internal/runtime/Context$ClassCache' stamp='27.548'/>
<dependency_failed type='leaf_type' ctxk='java/util/concurrent/LinkedBlockingQueue' witness='com/orientechnologies/orient/core/Orient$2' stamp='27.880'/>
<dependency_failed type='leaf_type' ctxk='java/util/concurrent/LinkedBlockingQueue' witness='com/orientechnologies/orient/core/Orient$2' stamp='27.880'/>
<dependency_failed type='unique_concrete_method' ctxk='java/lang/ThreadLocal' x='java/lang/ThreadLocal get ()Ljava/lang/Object;' witness='com/orientechnologies/orient/core/db/ODatabaseRecordThreadLocal' stamp='27.914'/>
<dependency_failed type='unique_concrete_method' ctxk='java/lang/ThreadLocal' x='java/lang/ThreadLocal get ()Ljava/lang/Object;' witness='com/orientechnologies/orient/core/db/ODatabaseRecordThreadLocal' stamp='27.914'/>
<dependency_failed type='unique_concrete_method' ctxk='java/lang/ThreadLocal' x='java/lang/ThreadLocal get ()Ljava/lang/Object;' witness='com/orientechnologies/orient/core/db/ODatabaseRecordThreadLocal' stamp='27.914'/>
<dependency_failed type='unique_concrete_method' ctxk='java/lang/ThreadLocal' x='java/lang/ThreadLocal get ()Ljava/lang/Object;' witness='com/orientechnologies/orient/core/db/ODatabaseRecordThreadLocal' stamp='27.914'/>
<dependency_failed type='unique_concrete_method' ctxk='java/lang/ThreadLocal' x='java/lang/ThreadLocal get ()Ljava/lang/Object;' witness='com/orientechnologies/orient/core/db/ODatabaseRecordThreadLocal' stamp='27.914'/>
<dependency_failed type='unique_concrete_method' ctxk='java/lang/ThreadLocal' x='java/lang/ThreadLocal get ()Ljava/lang/Object;' witness='com/orientechnologies/orient/core/db/ODatabaseRecordThreadLocal' stamp='27.914'/>
<dependency_failed type='unique_concrete_method' ctxk='java/lang/ThreadLocal' x='java/lang/ThreadLocal get ()Ljava/lang/Object;' witness='com/orientechnologies/orient/core/db/ODatabaseRecordThreadLocal' stamp='27.914'/>
<dependency_failed type='unique_concrete_method' ctxk='java/lang/ThreadLocal' x='java/lang/ThreadLocal get ()Ljava/lang/Object;' witness='com/orientechnologies/orient/core/db/ODatabaseRecordThreadLocal' stamp='27.914'/>
<dependency_failed type='unique_concrete_method' ctxk='java/lang/ThreadLocal' x='java/lang/ThreadLocal get ()Ljava/lang/Object;' witness='com/orientechnologies/orient/core/db/ODatabaseRecordThreadLocal' stamp='27.914'/>
<dependency_failed type='unique_concrete_method' ctxk='java/lang/ThreadLocal' x='java/lang/ThreadLocal get ()Ljava/lang/Object;' witness='com/orientechnologies/orient/core/db/ODatabaseRecordThreadLocal' stamp='27.914'/>
<dependency_failed type='unique_concrete_method' ctxk='java/lang/ThreadLocal' x='java/lang/ThreadLocal get ()Ljava/lang/Object;' witness='com/orientechnologies/orient/core/db/ODatabaseRecordThreadLocal' stamp='27.914'/>
<dependency_failed type='unique_concrete_method' ctxk='java/lang/ThreadLocal' x='java/lang/ThreadLocal get ()Ljava/lang/Object;' witness='com/orientechnologies/orient/core/db/ODatabaseRecordThreadLocal' stamp='27.914'/>
<dependency_failed type='unique_concrete_method' ctxk='java/lang/ThreadLocal' x='java/lang/ThreadLocal get ()Ljava/lang/Object;' witness='com/orientechnologies/orient/core/db/ODatabaseRecordThreadLocal' stamp='27.914'/>
<dependency_failed type='unique_concrete_method' ctxk='java/lang/ThreadLocal' x='java/lang/ThreadLocal get ()Ljava/lang/Object;' witness='com/orientechnologies/orient/core/db/ODatabaseRecordThreadLocal' stamp='27.914'/>
<dependency_failed type='unique_concrete_method' ctxk='java/lang/ThreadLocal' x='java/lang/ThreadLocal get ()Ljava/lang/Object;' witness='com/orientechnologies/orient/core/db/ODatabaseRecordThreadLocal' stamp='27.914'/>
<dependency_failed type='unique_concrete_method' ctxk='java/lang/ThreadLocal' x='java/lang/ThreadLocal get ()Ljava/lang/Object;' witness='com/orientechnologies/orient/core/db/ODatabaseRecordThreadLocal' stamp='27.914'/>
<dependency_failed type='unique_concrete_method' ctxk='java/lang/ThreadLocal' x='java/lang/ThreadLocal get ()Ljava/lang/Object;' witness='com/orientechnologies/orient/core/db/ODatabaseRecordThreadLocal' stamp='27.914'/>
<dependency_failed type='unique_concrete_method' ctxk='java/lang/ThreadLocal' x='java/lang/ThreadLocal get ()Ljava/lang/Object;' witness='com/orientechnologies/orient/core/db/ODatabaseRecordThreadLocal' stamp='27.914'/>
<dependency_failed type='unique_concrete_method' ctxk='java/lang/ThreadLocal' x='java/lang/ThreadLocal get ()Ljava/lang/Object;' witness='com/orientechnologies/orient/core/db/ODatabaseRecordThreadLocal' stamp='27.914'/>
<dependency_failed type='unique_concrete_method' ctxk='java/lang/ThreadLocal' x='java/lang/ThreadLocal get ()Ljava/lang/Object;' witness='com/orientechnologies/orient/core/db/ODatabaseRecordThreadLocal' stamp='27.914'/>
<dependency_failed type='unique_concrete_method' ctxk='java/lang/ThreadLocal' x='java/lang/ThreadLocal get ()Ljava/lang/Object;' witness='com/orientechnologies/orient/core/db/ODatabaseRecordThreadLocal' stamp='27.914'/>
<dependency_failed type='unique_concrete_method' ctxk='java/lang/ThreadLocal' x='java/lang/ThreadLocal get ()Ljava/lang/Object;' witness='com/orientechnologies/orient/core/db/ODatabaseRecordThreadLocal' stamp='27.914'/>
<dependency_failed type='unique_concrete_method' ctxk='java/lang/ThreadLocal' x='java/lang/ThreadLocal set (Ljava/lang/Object;)V' witness='com/orientechnologies/orient/core/db/ODatabaseRecordThreadLocal' stamp='27.914'/>
<dependency_failed type='unique_concrete_method' ctxk='java/lang/ThreadLocal' x='java/lang/ThreadLocal set (Ljava/lang/Object;)V' witness='com/orientechnologies/orient/core/db/ODatabaseRecordThreadLocal' stamp='27.914'/>
<dependency_failed type='unique_concrete_method' ctxk='java/lang/ThreadLocal' x='java/lang/ThreadLocal get ()Ljava/lang/Object;' witness='com/orientechnologies/orient/core/db/ODatabaseRecordThreadLocal' stamp='27.914'/>
<dependency_failed type='unique_concrete_method' ctxk='java/lang/ThreadLocal' x='java/lang/ThreadLocal get ()Ljava/lang/Object;' witness='com/orientechnologies/orient/core/db/ODatabaseRecordThreadLocal' stamp='27.914'/>
<dependency_failed type='unique_concrete_method' ctxk='java/lang/ThreadLocal' x='java/lang/ThreadLocal get ()Ljava/lang/Object;' witness='com/orientechnologies/orient/core/db/ODatabaseRecordThreadLocal' stamp='27.914'/>
<dependency_failed type='unique_concrete_method' ctxk='java/lang/ThreadLocal' x='java/lang/ThreadLocal get ()Ljava/lang/Object;' witness='com/orientechnologies/orient/core/db/ODatabaseRecordThreadLocal' stamp='27.914'/>
<dependency_failed type='unique_concrete_method' ctxk='java/util/ArrayList' x='java/util/ArrayList add (Ljava/lang/Object;)Z' witness='com/orientechnologies/orient/core/db/record/OTrackedList' stamp='28.199'/>
<dependency_failed type='unique_concrete_method' ctxk='java/util/ArrayList' x='java/util/ArrayList add (Ljava/lang/Object;)Z' witness='com/orientechnologies/orient/core/db/record/OTrackedList' stamp='28.199'/>
<dependency_failed type='unique_concrete_method' ctxk='java/util/ArrayList' x='java/util/ArrayList add (Ljava/lang/Object;)Z' witness='com/orientechnologies/orient/core/db/record/OTrackedList' stamp='28.199'/>
<dependency_failed type='unique_concrete_method' ctxk='java/util/ArrayList' x='java/util/ArrayList add (Ljava/lang/Object;)Z' witness='com/orientechnologies/orient/core/db/record/OTrackedList' stamp='28.199'/>
<dependency_failed type='unique_concrete_method' ctxk='java/util/ArrayList' x='java/util/ArrayList add (Ljava/lang/Object;)Z' witness='com/orientechnologies/orient/core/db/record/OTrackedList' stamp='28.199'/>
<dependency_failed type='unique_concrete_method' ctxk='java/util/ArrayList' x='java/util/ArrayList add (Ljava/lang/Object;)Z' witness='com/orientechnologies/orient/core/db/record/OTrackedList' stamp='28.199'/>
<dependency_failed type='unique_concrete_method' ctxk='java/util/ArrayList' x='java/util/ArrayList add (Ljava/lang/Object;)Z' witness='com/orientechnologies/orient/core/db/record/OTrackedList' stamp='28.199'/>
<dependency_failed type='unique_concrete_method' ctxk='java/util/ArrayList' x='java/util/ArrayList addAll (Ljava/util/Collection;)Z' witness='com/orientechnologies/orient/core/db/record/OTrackedList' stamp='28.199'/>
<dependency_failed type='unique_concrete_method' ctxk='java/util/ArrayList' x='java/util/ArrayList add (Ljava/lang/Object;)Z' witness='com/orientechnologies/orient/core/db/record/OTrackedList' stamp='28.199'/>
<dependency_failed type='unique_concrete_method' ctxk='java/util/ArrayList' x='java/util/ArrayList remove (I)Ljava/lang/Object;' witness='com/orientechnologies/orient/core/db/record/OTrackedList' stamp='28.199'/>
<dependency_failed type='unique_concrete_method' ctxk='java/util/ArrayList' x='java/util/ArrayList add (Ljava/lang/Object;)Z' witness='com/orientechnologies/orient/core/db/record/OTrackedList' stamp='28.199'/>
<dependency_failed type='unique_concrete_method' ctxk='java/util/ArrayList' x='java/util/ArrayList add (Ljava/lang/Object;)Z' witness='com/orientechnologies/orient/core/db/record/OTrackedList' stamp='28.199'/>
<dependency_failed type='unique_concrete_method' ctxk='java/util/ArrayList' x='java/util/ArrayList add (Ljava/lang/Object;)Z' witness='com/orientechnologies/orient/core/db/record/OTrackedList' stamp='28.199'/>
<dependency_failed type='unique_concrete_method' ctxk='java/util/ArrayList' x='java/util/ArrayList add (Ljava/lang/Object;)Z' witness='com/orientechnologies/orient/core/db/record/OTrackedList' stamp='28.199'/>
<dependency_failed type='unique_concrete_method' ctxk='java/util/ArrayList' x='java/util/ArrayList add (Ljava/lang/Object;)Z' witness='com/orientechnologies/orient/core/db/record/OTrackedList' stamp='28.199'/>
<dependency_failed type='unique_concrete_method' ctxk='java/util/ArrayList' x='java/util/ArrayList add (Ljava/lang/Object;)Z' witness='com/orientechnologies/orient/core/db/record/OTrackedList' stamp='28.199'/>
<dependency_failed type='unique_concrete_method' ctxk='java/util/ArrayList' x='java/util/ArrayList add (Ljava/lang/Object;)Z' witness='com/orientechnologies/orient/core/db/record/OTrackedList' stamp='28.199'/>
<dependency_failed type='unique_concrete_method' ctxk='java/util/ArrayList' x='java/util/ArrayList add (Ljava/lang/Object;)Z' witness='com/orientechnologies/orient/core/db/record/OTrackedList' stamp='28.199'/>
<dependency_failed type='unique_concrete_method' ctxk='java/util/ArrayList' x='java/util/ArrayList add (Ljava/lang/Object;)Z' witness='com/orientechnologies/orient/core/db/record/OTrackedList' stamp='28.199'/>
<dependency_failed type='unique_concrete_method' ctxk='java/util/ArrayList' x='java/util/ArrayList add (Ljava/lang/Object;)Z' witness='com/orientechnologies/orient/core/db/record/OTrackedList' stamp='28.199'/>
<dependency_failed type='unique_concrete_method' ctxk='java/util/ArrayList' x='java/util/ArrayList add (Ljava/lang/Object;)Z' witness='com/orientechnologies/orient/core/db/record/OTrackedList' stamp='28.199'/>
<dependency_failed type='unique_concrete_method' ctxk='java/util/ArrayList' x='java/util/ArrayList add (Ljava/lang/Object;)Z' witness='com/orientechnologies/orient/core/db/record/OTrackedList' stamp='28.199'/>
<dependency_failed type='unique_concrete_method' ctxk='java/util/ArrayList' x='java/util/ArrayList add (Ljava/lang/Object;)Z' witness='com/orientechnologies/orient/core/db/record/OTrackedList' stamp='28.199'/>
<dependency_failed type='unique_concrete_method' ctxk='java/util/ArrayList' x='java/util/ArrayList set (ILjava/lang/Object;)Ljava/lang/Object;' witness='com/orientechnologies/orient/core/db/record/OTrackedList' stamp='28.199'/>
<dependency_failed type='unique_concrete_method' ctxk='java/util/ArrayList' x='java/util/ArrayList add (Ljava/lang/Object;)Z' witness='com/orientechnologies/orient/core/db/record/OTrackedList' stamp='28.199'/>
<dependency_failed type='unique_concrete_method' ctxk='java/util/ArrayList' x='java/util/ArrayList add (Ljava/lang/Object;)Z' witness='com/orientechnologies/orient/core/db/record/OTrackedList' stamp='28.199'/>
<dependency_failed type='unique_concrete_method' ctxk='java/util/ArrayList' x='java/util/ArrayList add (Ljava/lang/Object;)Z' witness='com/orientechnologies/orient/core/db/record/OTrackedList' stamp='28.199'/>
<dependency_failed type='unique_concrete_method' ctxk='java/util/ArrayList' x='java/util/ArrayList add (Ljava/lang/Object;)Z' witness='com/orientechnologies/orient/core/db/record/OTrackedList' stamp='28.199'/>
<dependency_failed type='unique_concrete_method' ctxk='java/util/ArrayList' x='java/util/ArrayList add (Ljava/lang/Object;)Z' witness='com/orientechnologies/orient/core/db/record/OTrackedList' stamp='28.199'/>
<dependency_failed type='unique_concrete_method' ctxk='java/util/ArrayList' x='java/util/ArrayList add (Ljava/lang/Object;)Z' witness='com/orientechnologies/orient/core/db/record/OTrackedList' stamp='28.199'/>
<dependency_failed type='unique_concrete_method' ctxk='java/util/ArrayList' x='java/util/ArrayList size ()I' witness='com/orientechnologies/orient/core/db/record/ORecordLazyList' stamp='28.200'/>
<dependency_failed type='unique_concrete_method' ctxk='java/util/ArrayList' x='java/util/ArrayList indexOf (Ljava/lang/Object;)I' witness='com/orientechnologies/orient/core/db/record/ORecordLazyList' stamp='28.200'/>
<dependency_failed type='unique_concrete_method' ctxk='java/util/ArrayList' x='java/util/ArrayList iterator ()Ljava/util/Iterator;' witness='com/orientechnologies/orient/core/db/record/ORecordLazyList' stamp='28.200'/>
<dependency_failed type='unique_concrete_method' ctxk='java/util/ArrayList' x='java/util/ArrayList iterator ()Ljava/util/Iterator;' witness='com/orientechnologies/orient/core/db/record/ORecordLazyList' stamp='28.200'/>
<dependency_failed type='unique_concrete_method' ctxk='java/util/ArrayList' x='java/util/ArrayList iterator ()Ljava/util/Iterator;' witness='com/orientechnologies/orient/core/db/record/ORecordLazyList' stamp='28.200'/>
<dependency_failed type='unique_concrete_method' ctxk='java/util/ArrayList' x='java/util/ArrayList indexOf (Ljava/lang/Object;)I' witness='com/orientechnologies/orient/core/db/record/ORecordLazyList' stamp='28.200'/>
<dependency_failed type='unique_concrete_method' ctxk='java/util/ArrayList' x='java/util/ArrayList size ()I' witness='com/orientechnologies/orient/core/db/record/ORecordLazyList' stamp='28.200'/>
<dependency_failed type='unique_concrete_method' ctxk='java/util/ArrayList' x='java/util/ArrayList size ()I' witness='com/orientechnologies/orient/core/db/record/ORecordLazyList' stamp='28.200'/>
<dependency_failed type='unique_concrete_method' ctxk='java/util/ArrayList' x='java/util/ArrayList isEmpty ()Z' witness='com/orientechnologies/orient/core/db/record/ORecordLazyList' stamp='28.200'/>
<dependency_failed type='unique_concrete_method' ctxk='java/util/ArrayList' x='java/util/ArrayList size ()I' witness='com/orientechnologies/orient/core/db/record/ORecordLazyList' stamp='28.200'/>
<dependency_failed type='unique_concrete_method' ctxk='java/util/ArrayList' x='java/util/ArrayList size ()I' witness='com/orientechnologies/orient/core/db/record/ORecordLazyList' stamp='28.200'/>
<dependency_failed type='unique_concrete_method' ctxk='java/util/ArrayList' x='java/util/ArrayList size ()I' witness='com/orientechnologies/orient/core/db/record/ORecordLazyList' stamp='28.200'/>
<dependency_failed type='unique_concrete_method' ctxk='java/util/ArrayList' x='java/util/ArrayList size ()I' witness='com/orientechnologies/orient/core/db/record/ORecordLazyList' stamp='28.200'/>
<dependency_failed type='unique_concrete_method' ctxk='java/util/ArrayList' x='java/util/ArrayList size ()I' witness='com/orientechnologies/orient/core/db/record/ORecordLazyList' stamp='28.200'/>
<dependency_failed type='unique_concrete_method' ctxk='java/util/ArrayList' x='java/util/ArrayList indexOf (Ljava/lang/Object;)I' witness='com/orientechnologies/orient/core/db/record/ORecordLazyList' stamp='28.200'/>
<dependency_failed type='unique_concrete_method' ctxk='java/util/ArrayList' x='java/util/ArrayList indexOf (Ljava/lang/Object;)I' witness='com/orientechnologies/orient/core/db/record/ORecordLazyList' stamp='28.200'/>
<dependency_failed type='unique_concrete_method' ctxk='java/util/ArrayList' x='java/util/ArrayList size ()I' witness='com/orientechnologies/orient/core/db/record/ORecordLazyList' stamp='28.200'/>
<dependency_failed type='unique_concrete_method' ctxk='java/util/ArrayList' x='java/util/ArrayList size ()I' witness='com/orientechnologies/orient/core/db/record/ORecordLazyList' stamp='28.200'/>
<dependency_failed type='unique_concrete_method' ctxk='java/util/ArrayList' x='java/util/ArrayList size ()I' witness='com/orientechnologies/orient/core/db/record/ORecordLazyList' stamp='28.200'/>
<dependency_failed type='unique_concrete_method' ctxk='java/util/ArrayList' x='java/util/ArrayList size ()I' witness='com/orientechnologies/orient/core/db/record/ORecordLazyList' stamp='28.200'/>
<dependency_failed type='unique_concrete_method' ctxk='java/util/ArrayList' x='java/util/ArrayList size ()I' witness='com/orientechnologies/orient/core/db/record/ORecordLazyList' stamp='28.200'/>
<writer thread='139657446651648'/>
<dependency_failed type='unique_concrete_method' ctxk='java/util/ArrayList' x='java/util/ArrayList size ()I' witness='com/orientechnologies/orient/core/db/record/ORecordLazyList' stamp='28.218'/>
<dependency_failed type='unique_concrete_method' ctxk='java/util/ArrayList' x='java/util/ArrayList toArray ([Ljava/lang/Object;)[Ljava/lang/Object;' witness='com/orientechnologies/orient/core/db/record/ORecordLazyList' stamp='28.218'/>
<dependency_failed type='unique_concrete_method' ctxk='java/util/ArrayList' x='java/util/ArrayList addAll (Ljava/util/Collection;)Z' witness='com/orientechnologies/orient/core/db/record/OTrackedList' stamp='28.218'/>
<writer thread='139657322669824'/>
<dependency_failed type='no_finalizable_subclasses' ctxk='java/lang/ref/WeakReference' witness='com/sun/jna/CallbackReference' stamp='28.272'/>
<dependency_failed type='no_finalizable_subclasses' ctxk='java/lang/ref/WeakReference' witness='com/sun/jna/CallbackReference' stamp='28.272'/>
<dependency_failed type='no_finalizable_subclasses' ctxk='java/lang/ref/Reference' witness='com/sun/jna/CallbackReference' stamp='28.272'/>
<dependency_failed type='no_finalizable_subclasses' ctxk='java/lang/ref/Reference' witness='com/sun/jna/CallbackReference' stamp='28.272'/>
<dependency_failed type='leaf_type' ctxk='java/io/BufferedOutputStream' witness='java/lang/UNIXProcess$ProcessPipeOutputStream' stamp='28.286'/>
<dependency_failed type='leaf_type' ctxk='java/io/BufferedOutputStream' witness='java/lang/UNIXProcess$ProcessPipeOutputStream' stamp='28.286'/>
<dependency_failed type='leaf_type' ctxk='java/io/BufferedInputStream' witness='java/lang/UNIXProcess$ProcessPipeInputStream' stamp='28.287'/>
<dependency_failed type='leaf_type' ctxk='java/io/BufferedInputStream' witness='java/lang/UNIXProcess$ProcessPipeInputStream' stamp='28.287'/>
<dependency_failed type='leaf_type' ctxk='java/io/BufferedInputStream' witness='java/lang/UNIXProcess$ProcessPipeInputStream' stamp='28.287'/>
<dependency_failed type='unique_concrete_method' ctxk='java/util/LinkedHashMap' x='java/util/HashMap put (Ljava/lang/Object;Ljava/lang/Object;)Ljava/lang/Object;' witness='com/orientechnologies/orient/core/db/record/OTrackedMap' stamp='28.410'/>
<dependency_failed type='unique_concrete_method' ctxk='java/util/LinkedHashMap' x='java/util/HashMap put (Ljava/lang/Object;Ljava/lang/Object;)Ljava/lang/Object;' witness='com/orientechnologies/orient/core/db/record/OTrackedMap' stamp='28.410'/>
<dependency_failed type='unique_concrete_method' ctxk='java/util/LinkedHashMap' x='java/util/HashMap put (Ljava/lang/Object;Ljava/lang/Object;)Ljava/lang/Object;' witness='com/orientechnologies/orient/core/db/record/OTrackedMap' stamp='28.410'/>
<dependency_failed type='unique_concrete_method' ctxk='java/util/LinkedHashMap' x='java/util/HashMap put (Ljava/lang/Object;Ljava/lang/Object;)Ljava/lang/Object;' witness='com/orientechnologies/orient/core/db/record/OTrackedMap' stamp='28.410'/>
<dependency_failed type='leaf_type' ctxk='java/util/concurrent/ConcurrentHashMap' witness='com/fasterxml/jackson/core/util/InternCache' stamp='28.643'/>
<dependency_failed type='leaf_type' ctxk='java/util/concurrent/ConcurrentHashMap' witness='com/fasterxml/jackson/core/util/InternCache' stamp='28.643'/>
<dependency_failed type='leaf_type' ctxk='java/util/concurrent/ConcurrentHashMap' witness='com/fasterxml/jackson/core/util/InternCache' stamp='28.643'/>
<dependency_failed type='leaf_type' ctxk='java/util/concurrent/ConcurrentHashMap' witness='com/fasterxml/jackson/core/util/InternCache' stamp='28.643'/>
<dependency_failed type='leaf_type' ctxk='java/util/concurrent/ConcurrentHashMap' witness='com/fasterxml/jackson/core/util/InternCache' stamp='28.643'/>
<dependency_failed type='leaf_type' ctxk='java/util/concurrent/ConcurrentHashMap' witness='com/fasterxml/jackson/core/util/InternCache' stamp='28.643'/>
<dependency_failed type='leaf_type' ctxk='java/util/concurrent/ConcurrentHashMap' witness='com/fasterxml/jackson/core/util/InternCache' stamp='28.643'/>
<dependency_failed type='leaf_type' ctxk='java/util/concurrent/ConcurrentHashMap' witness='com/fasterxml/jackson/core/util/InternCache' stamp='28.643'/>
<dependency_failed type='leaf_type' ctxk='java/util/concurrent/ConcurrentHashMap' witness='com/fasterxml/jackson/core/util/InternCache' stamp='28.643'/>
<dependency_failed type='leaf_type' ctxk='java/util/concurrent/ConcurrentHashMap' witness='com/fasterxml/jackson/core/util/InternCache' stamp='28.643'/>
<dependency_failed type='leaf_type' ctxk='java/util/concurrent/ConcurrentHashMap' witness='com/fasterxml/jackson/core/util/InternCache' stamp='28.643'/>
<dependency_failed type='leaf_type' ctxk='java/util/concurrent/ConcurrentHashMap' witness='com/fasterxml/jackson/core/util/InternCache' stamp='28.643'/>
<dependency_failed type='leaf_type' ctxk='java/util/concurrent/ConcurrentHashMap' witness='com/fasterxml/jackson/core/util/InternCache' stamp='28.643'/>
<dependency_failed type='leaf_type' ctxk='java/util/concurrent/ConcurrentHashMap' witness='com/fasterxml/jackson/core/util/InternCache' stamp='28.643'/>
<dependency_failed type='leaf_type' ctxk='java/util/concurrent/ConcurrentHashMap' witness='com/fasterxml/jackson/core/util/InternCache' stamp='28.643'/>
<dependency_failed type='leaf_type' ctxk='java/util/concurrent/ConcurrentHashMap' witness='com/fasterxml/jackson/core/util/InternCache' stamp='28.643'/>
<dependency_failed type='leaf_type' ctxk='java/util/concurrent/ConcurrentHashMap' witness='com/fasterxml/jackson/core/util/InternCache' stamp='28.643'/>
<dependency_failed type='leaf_type' ctxk='java/util/concurrent/ConcurrentHashMap' witness='com/fasterxml/jackson/core/util/InternCache' stamp='28.643'/>
<dependency_failed type='leaf_type' ctxk='java/util/concurrent/ConcurrentHashMap' witness='com/fasterxml/jackson/core/util/InternCache' stamp='28.643'/>
<dependency_failed type='leaf_type' ctxk='java/util/concurrent/ConcurrentHashMap' witness='com/fasterxml/jackson/core/util/InternCache' stamp='28.643'/>
<dependency_failed type='leaf_type' ctxk='java/util/concurrent/ConcurrentHashMap' witness='com/fasterxml/jackson/core/util/InternCache' stamp='28.643'/>
<dependency_failed type='leaf_type' ctxk='java/util/concurrent/ConcurrentHashMap' witness='com/fasterxml/jackson/core/util/InternCache' stamp='28.643'/>
<dependency_failed type='leaf_type' ctxk='java/util/concurrent/ConcurrentHashMap' witness='com/fasterxml/jackson/core/util/InternCache' stamp='28.643'/>
<dependency_failed type='leaf_type' ctxk='java/util/concurrent/ConcurrentHashMap' witness='com/fasterxml/jackson/core/util/InternCache' stamp='28.643'/>
<dependency_failed type='leaf_type' ctxk='java/util/concurrent/ConcurrentHashMap' witness='com/fasterxml/jackson/core/util/InternCache' stamp='28.643'/>
<dependency_failed type='leaf_type' ctxk='java/util/concurrent/ConcurrentHashMap' witness='com/fasterxml/jackson/core/util/InternCache' stamp='28.643'/>
<dependency_failed type='unique_concrete_method' ctxk='javax/management/Descriptor' x='javax/management/ImmutableDescriptor getFieldNames ()[Ljava/lang/String;' witness='javax/management/Descriptor' stamp='28.729'/>
<dependency_failed type='unique_concrete_method' ctxk='javax/management/Descriptor' x='javax/management/ImmutableDescriptor getFieldNames ()[Ljava/lang/String;' witness='javax/management/Descriptor' stamp='28.729'/>
<dependency_failed type='unique_concrete_method' ctxk='com/google/common/collect/ImmutableMap$Builder' x='com/google/common/collect/ImmutableMap$Builder build ()Lcom/google/common/collect/ImmutableMap;' witness='com/google/common/collect/ImmutableBiMap$Builder' stamp='30.174'/>
<dependency_failed type='leaf_type' ctxk='com/google/common/collect/ImmutableMap$Builder' witness='com/google/common/collect/ImmutableBiMap$Builder' stamp='30.174'/>
<dependency_failed type='leaf_type' ctxk='com/google/common/collect/ImmutableMap$Builder' witness='com/google/common/collect/ImmutableBiMap$Builder' stamp='30.174'/>
<dependency_failed type='leaf_type' ctxk='com/google/common/collect/ImmutableMap$Builder' witness='com/google/common/collect/ImmutableBiMap$Builder' stamp='30.174'/>
<dependency_failed type='leaf_type' ctxk='com/google/common/collect/ImmutableMap$Builder' witness='com/google/common/collect/ImmutableBiMap$Builder' stamp='30.174'/>
<dependency_failed type='unique_concrete_method' ctxk='com/google/common/collect/IndexedImmutableSet' x='com/google/common/collect/IndexedImmutableSet iterator ()Lcom/google/common/collect/UnmodifiableIterator;' witness='com/google/common/collect/ImmutableMapKeySet' stamp='30.178'/>
<dependency_failed type='leaf_type' ctxk='com/google/common/collect/ImmutableMapEntry$NonTerminalImmutableMapEntry' witness='com/google/common/collect/ImmutableMapEntry$NonTerminalImmutableBiMapEntry' stamp='30.179'/>
<dependency_failed type='leaf_type' ctxk='com/orientechnologies/orient/core/db/document/ODatabaseDocumentTx' witness='com/orientechnologies/orient/core/db/OPartitionedDatabasePool$DatabaseDocumentTxPooled' stamp='30.334'/>
<dependency_failed type='leaf_type' ctxk='com/orientechnologies/orient/core/db/document/ODatabaseDocumentTx' witness='com/orientechnologies/orient/core/db/OPartitionedDatabasePool$DatabaseDocumentTxPooled' stamp='30.334'/>
<dependency_failed type='leaf_type' ctxk='com/orientechnologies/orient/core/db/document/ODatabaseDocumentTx' witness='com/orientechnologies/orient/core/db/OPartitionedDatabasePool$DatabaseDocumentTxPooled' stamp='30.334'/>
<dependency_failed type='leaf_type' ctxk='com/orientechnologies/orient/core/db/document/ODatabaseDocumentTx' witness='com/orientechnologies/orient/core/db/OPartitionedDatabasePool$DatabaseDocumentTxPooled' stamp='30.334'/>
<dependency_failed type='unique_concrete_method' ctxk='java/util/function/BooleanSupplier' x='java/util/stream/StreamSpliterators$WrappingSpliterator$$Lambda$360 getAsBoolean ()Z' witness='java/util/function/BooleanSupplier' stamp='30.555'/>
<dependency_failed type='leaf_type' ctxk='javax/xml/bind/JAXBElement' witness='org/ehcache/xml/model/Offheap' stamp='30.872'/>
<dependency_failed type='leaf_type' ctxk='com/sun/org/apache/xerces/internal/impl/xs/identity/IdentityConstraint' witness='com/sun/org/apache/xerces/internal/impl/xs/identity/UniqueOrKey' stamp='31.050'/>
<dependency_failed type='leaf_type' ctxk='com/sun/org/apache/xerces/internal/impl/xs/identity/IdentityConstraint' witness='com/sun/org/apache/xerces/internal/impl/xs/identity/UniqueOrKey' stamp='31.050'/>
<dependency_failed type='leaf_type' ctxk='com/sun/org/apache/xerces/internal/impl/xs/identity/XPathMatcher' witness='com/sun/org/apache/xerces/internal/impl/xs/identity/Selector$Matcher' stamp='31.063'/>
<dependency_failed type='leaf_type' ctxk='org/xml/sax/helpers/AttributesImpl' witness='com/sun/org/apache/xml/internal/serializer/AttributesImplSerializer' stamp='31.093'/>
<dependency_failed type='unique_concrete_method' ctxk='com/google/common/collect/ImmutableMap' x='com/google/common/collect/ImmutableMap keySet ()Lcom/google/common/collect/ImmutableSet;' witness='com/google/common/collect/ImmutableSortedMap' stamp='31.373'/>
<dependency_failed type='unique_concrete_method' ctxk='java/io/Reader' x='java/io/Reader read ([C)I' witness='com/fasterxml/jackson/dataformat/yaml/UTF8Reader' stamp='31.421'/>
<dependency_failed type='unique_concrete_method' ctxk='org/elasticsearch/common/inject/AbstractProcessor' x='org/elasticsearch/common/inject/AbstractProcessor visit (Lorg/elasticsearch/common/inject/spi/ProviderLookup;)Ljava/lang/Boolean;' witness='org/elasticsearch/common/inject/LookupProcessor' stamp='32.557'/>
<dependency_failed type='unique_concrete_method' ctxk='org/elasticsearch/common/inject/spi/ElementVisitor' x='org/elasticsearch/common/inject/AbstractProcessor visit (Lorg/elasticsearch/common/inject/spi/ProviderLookup;)Ljava/lang/Object;' witness='org/elasticsearch/common/inject/LookupProcessor' stamp='32.557'/>
<dependency_failed type='unique_concrete_method' ctxk='com/google/common/cache/Weigher' x='com/google/common/cache/CacheBuilder$OneWeigher weigh (Ljava/lang/Object;Ljava/lang/Object;)I' witness='com/google/common/cache/Weigher' stamp='32.907'/>
<dependency_failed type='unique_concrete_method' ctxk='org/elasticsearch/common/bytes/BytesReference' x='org/elasticsearch/common/bytes/BytesArray length ()I' witness='org/elasticsearch/common/bytes/BytesReference' stamp='33.078'/>
<dependency_failed type='unique_concrete_method' ctxk='org/elasticsearch/common/bytes/BytesReference' x='org/elasticsearch/common/bytes/BytesArray length ()I' witness='org/elasticsearch/common/bytes/BytesReference' stamp='33.078'/>
<dependency_failed type='unique_concrete_method' ctxk='org/elasticsearch/common/bytes/BytesReference' x='org/elasticsearch/common/bytes/BytesArray hasArray ()Z' witness='org/elasticsearch/common/bytes/BytesReference' stamp='33.078'/>
<writer thread='139656015193856'/>
<dependency_failed type='leaf_type' ctxk='java/io/FileNotFoundException' witness='org/apache/lucene/index/IndexNotFoundException' stamp='33.188'/>
<writer thread='139657322669824'/>
<dependency_failed type='leaf_type' ctxk='com/orientechnologies/orient/core/db/record/OMultiValueChangeEvent' witness='com/orientechnologies/orient/core/record/impl/ONestedMultiValueChangeEvent' stamp='33.776'/>
<dependency_failed type='unique_concrete_method' ctxk='com/fasterxml/jackson/core/PrettyPrinter' x='com/fasterxml/jackson/core/util/DefaultPrettyPrinter writeStartObject (Lcom/fasterxml/jackson/core/JsonGenerator;)V' witness='com/fasterxml/jackson/core/PrettyPrinter' stamp='33.798'/>
<dependency_failed type='unique_concrete_method' ctxk='com/fasterxml/jackson/core/PrettyPrinter' x='com/fasterxml/jackson/core/util/DefaultPrettyPrinter writeEndObject (Lcom/fasterxml/jackson/core/JsonGenerator;I)V' witness='com/fasterxml/jackson/core/PrettyPrinter' stamp='33.798'/>
<dependency_failed type='unique_concrete_method' ctxk='org/hibernate/validator/internal/metadata/aggregated/CascadingMetaData' x='org/hibernate/validator/internal/metadata/aggregated/NonContainerCascadingMetaData isMarkedForCascadingOnAnnotatedObjectOrContainerElements ()Z' witness='org/hibernate/validator/internal/metadata/aggregated/CascadingMetaData' stamp='33.931'/>
<dependency_failed type='unique_concrete_method' ctxk='org/hibernate/validator/internal/metadata/aggregated/CascadingMetaData' x='org/hibernate/validator/internal/metadata/aggregated/NonContainerCascadingMetaData isMarkedForCascadingOnAnnotatedObjectOrContainerElements ()Z' witness='org/hibernate/validator/internal/metadata/aggregated/CascadingMetaData' stamp='33.931'/>
<dependency_failed type='unique_concrete_method' ctxk='org/hibernate/validator/internal/metadata/aggregated/CascadingMetaData' x='org/hibernate/validator/internal/metadata/aggregated/NonContainerCascadingMetaData isMarkedForCascadingOnAnnotatedObjectOrContainerElements ()Z' witness='org/hibernate/validator/internal/metadata/aggregated/CascadingMetaData' stamp='33.931'/>
<writer thread='139656189318912'/>
<dependency_failed type='abstract_with_unique_concrete_subtype' ctxk='java/util/concurrent/ConcurrentSkipListMap$Iter' x='java/util/concurrent/ConcurrentSkipListMap$EntryIterator' witness='java/util/concurrent/ConcurrentSkipListMap$KeyIterator' stamp='34.482'/>
<dependency_failed type='abstract_with_unique_concrete_subtype' ctxk='java/util/concurrent/ConcurrentSkipListMap$Iter' x='java/util/concurrent/ConcurrentSkipListMap$EntryIterator' witness='java/util/concurrent/ConcurrentSkipListMap$KeyIterator' stamp='34.482'/>
<writer thread='139657322669824'/>
<dependency_failed type='leaf_type' ctxk='java/io/File' witness='de/schlichtherle/truezip/file/TFile' stamp='34.733'/>
<dependency_failed type='leaf_type' ctxk='java/io/File' witness='de/schlichtherle/truezip/file/TFile' stamp='34.733'/>
<dependency_failed type='leaf_type' ctxk='java/io/File' witness='de/schlichtherle/truezip/file/TFile' stamp='34.733'/>
<dependency_failed type='leaf_type' ctxk='java/io/File' witness='de/schlichtherle/truezip/file/TFile' stamp='34.733'/>
<dependency_failed type='unique_concrete_method' ctxk='java/io/File' x='java/io/File getName ()Ljava/lang/String;' witness='de/schlichtherle/truezip/file/TFile' stamp='34.733'/>
<dependency_failed type='leaf_type' ctxk='java/io/File' witness='de/schlichtherle/truezip/file/TFile' stamp='34.733'/>
<dependency_failed type='leaf_type' ctxk='java/io/File' witness='de/schlichtherle/truezip/file/TFile' stamp='34.733'/>
<dependency_failed type='unique_concrete_method' ctxk='java/io/File' x='java/io/File getName ()Ljava/lang/String;' witness='de/schlichtherle/truezip/file/TFile' stamp='34.733'/>
<dependency_failed type='leaf_type' ctxk='java/io/File' witness='de/schlichtherle/truezip/file/TFile' stamp='34.733'/>
<dependency_failed type='leaf_type' ctxk='java/io/File' witness='de/schlichtherle/truezip/file/TFile' stamp='34.733'/>
<dependency_failed type='leaf_type' ctxk='java/io/File' witness='de/schlichtherle/truezip/file/TFile' stamp='34.733'/>
<dependency_failed type='leaf_type' ctxk='java/io/File' witness='de/schlichtherle/truezip/file/TFile' stamp='34.733'/>
<dependency_failed type='leaf_type' ctxk='java/io/File' witness='de/schlichtherle/truezip/file/TFile' stamp='34.733'/>
<dependency_failed type='leaf_type' ctxk='java/io/File' witness='de/schlichtherle/truezip/file/TFile' stamp='34.733'/>
<dependency_failed type='leaf_type' ctxk='java/io/File' witness='de/schlichtherle/truezip/file/TFile' stamp='34.733'/>
<dependency_failed type='leaf_type' ctxk='java/io/File' witness='de/schlichtherle/truezip/file/TFile' stamp='34.733'/>
<dependency_failed type='leaf_type' ctxk='java/io/File' witness='de/schlichtherle/truezip/file/TFile' stamp='34.733'/>
<dependency_failed type='leaf_type' ctxk='java/io/File' witness='de/schlichtherle/truezip/file/TFile' stamp='34.733'/>
<dependency_failed type='leaf_type' ctxk='java/io/File' witness='de/schlichtherle/truezip/file/TFile' stamp='34.733'/>
<dependency_failed type='unique_concrete_method' ctxk='java/io/File' x='java/io/File getPath ()Ljava/lang/String;' witness='de/schlichtherle/truezip/file/TFile' stamp='34.733'/>
<dependency_failed type='leaf_type' ctxk='java/io/File' witness='de/schlichtherle/truezip/file/TFile' stamp='34.733'/>
<dependency_failed type='leaf_type' ctxk='java/io/File' witness='de/schlichtherle/truezip/file/TFile' stamp='34.733'/>
<dependency_failed type='leaf_type' ctxk='java/io/File' witness='de/schlichtherle/truezip/file/TFile' stamp='34.733'/>
<dependency_failed type='leaf_type' ctxk='java/io/File' witness='de/schlichtherle/truezip/file/TFile' stamp='34.733'/>
<dependency_failed type='leaf_type' ctxk='java/io/File' witness='de/schlichtherle/truezip/file/TFile' stamp='34.733'/>
<dependency_failed type='leaf_type' ctxk='java/io/File' witness='de/schlichtherle/truezip/file/TFile' stamp='34.733'/>
<dependency_failed type='leaf_type' ctxk='java/io/File' witness='de/schlichtherle/truezip/file/TFile' stamp='34.733'/>
<dependency_failed type='leaf_type' ctxk='java/io/File' witness='de/schlichtherle/truezip/file/TFile' stamp='34.733'/>
<dependency_failed type='leaf_type' ctxk='java/io/File' witness='de/schlichtherle/truezip/file/TFile' stamp='34.733'/>
<dependency_failed type='leaf_type' ctxk='java/io/File' witness='de/schlichtherle/truezip/file/TFile' stamp='34.733'/>
<dependency_failed type='leaf_type' ctxk='java/io/File' witness='de/schlichtherle/truezip/file/TFile' stamp='34.733'/>
<dependency_failed type='unique_concrete_method' ctxk='org/aopalliance/intercept/MethodInvocation' x='com/google/inject/internal/InterceptorStackCallback$InterceptedMethodInvocation getMethod ()Ljava/lang/reflect/Method;' witness='org/aopalliance/intercept/MethodInvocation' stamp='34.757'/>
<dependency_failed type='unique_concrete_method' ctxk='com/google/common/collect/Maps$ViewCachingAbstractMap' x='com/google/common/collect/Maps$ViewCachingAbstractMap createValues ()Ljava/util/Collection;' witness='com/google/common/collect/Maps$AbstractFilteredMap' stamp='34.885'/>
<writer thread='139656835524352'/>
<dependency_failed type='unique_concrete_method' ctxk='sun/nio/ch/Interruptible' x='java/nio/channels/spi/AbstractInterruptibleChannel$1 interrupt (Ljava/lang/Thread;)V' witness='sun/nio/ch/Interruptible' stamp='36.870'/>
<writer thread='139656003630848'/>
<dependency_failed type='unique_concrete_method' ctxk='com/google/common/util/concurrent/AbstractFuture' x='com/google/common/util/concurrent/AbstractFuture afterDone ()V' witness='com/google/common/util/concurrent/AbstractTransformFuture' stamp='49.430'/>
<dependency_failed type='abstract_with_unique_concrete_subtype' ctxk='com/google/common/util/concurrent/AbstractFuture' x='com/google/common/util/concurrent/SettableFuture' witness='com/google/common/util/concurrent/ForwardingFluentFuture' stamp='49.432'/>
<dependency_failed type='abstract_with_unique_concrete_subtype' ctxk='com/google/common/util/concurrent/AbstractFuture' x='com/google/common/util/concurrent/SettableFuture' witness='com/google/common/util/concurrent/ForwardingFluentFuture' stamp='49.432'/>
<dependency_failed type='abstract_with_unique_concrete_subtype' ctxk='com/google/common/util/concurrent/AbstractFuture' x='com/google/common/util/concurrent/SettableFuture' witness='com/google/common/util/concurrent/ForwardingFluentFuture' stamp='49.432'/>
<dependency_failed type='abstract_with_unique_concrete_subtype' ctxk='com/google/common/util/concurrent/AbstractFuture' x='com/google/common/util/concurrent/SettableFuture' witness='com/google/common/util/concurrent/ForwardingFluentFuture' stamp='49.432'/>
<dependency_failed type='abstract_with_unique_concrete_subtype' ctxk='com/google/common/util/concurrent/AbstractFuture' x='com/google/common/util/concurrent/SettableFuture' witness='com/google/common/util/concurrent/ForwardingFluentFuture' stamp='49.432'/>
<dependency_failed type='abstract_with_unique_concrete_subtype' ctxk='com/google/common/util/concurrent/internal/InternalFutureFailureAccess' x='com/google/common/util/concurrent/SettableFuture' witness='com/google/common/util/concurrent/ForwardingFluentFuture' stamp='49.432'/>
<dependency_failed type='abstract_with_unique_concrete_subtype' ctxk='java/util/stream/ForEachOps$ForEachOp' x='java/util/stream/ForEachOps$ForEachOp$OfRef' witness='java/util/stream/ForEachOps$ForEachOp$OfInt' stamp='64.442'/>
<writer thread='139656345646848'/>
<dependency_failed type='unique_concrete_method' ctxk='java/io/BufferedReader' x='java/io/BufferedReader close ()V' witness='org/eclipse/jetty/server/Request$1' stamp='679.669'/>
<writer thread='139656344594176'/>
<dependency_failed type='unique_concrete_method' ctxk='ch/qos/logback/core/spi/DeferredProcessingAware' x='ch/qos/logback/classic/spi/LoggingEvent prepareForDeferredProcessing ()V' witness='ch/qos/logback/core/spi/DeferredProcessingAware' stamp='679.798'/>
<writer thread='139656358254336'/>
<dependency_failed type='abstract_with_unique_concrete_subtype' ctxk='com/google/common/collect/ImmutableMultimap' x='com/google/common/collect/ImmutableListMultimap' witness='com/google/common/collect/ImmutableSetMultimap' stamp='687.711'/>
<dependency_failed type='abstract_with_unique_concrete_subtype' ctxk='java/nio/CharBuffer' x='java/nio/HeapCharBuffer' witness='java/nio/StringCharBuffer' stamp='694.476'/>
<dependency_failed type='abstract_with_unique_concrete_subtype' ctxk='java/nio/CharBuffer' x='java/nio/HeapCharBuffer' witness='java/nio/StringCharBuffer' stamp='694.476'/>
<dependency_failed type='abstract_with_unique_concrete_subtype' ctxk='java/nio/CharBuffer' x='java/nio/HeapCharBuffer' witness='java/nio/StringCharBuffer' stamp='694.476'/>
<dependency_failed type='abstract_with_unique_concrete_subtype' ctxk='java/nio/CharBuffer' x='java/nio/HeapCharBuffer' witness='java/nio/StringCharBuffer' stamp='694.476'/>
<dependency_failed type='abstract_with_unique_concrete_subtype' ctxk='java/nio/CharBuffer' x='java/nio/HeapCharBuffer' witness='java/nio/StringCharBuffer' stamp='694.476'/>
<dependency_failed type='abstract_with_unique_concrete_subtype' ctxk='java/nio/CharBuffer' x='java/nio/HeapCharBuffer' witness='java/nio/StringCharBuffer' stamp='694.476'/>
<dependency_failed type='abstract_with_unique_concrete_subtype' ctxk='java/nio/CharBuffer' x='java/nio/HeapCharBuffer' witness='java/nio/StringCharBuffer' stamp='694.476'/>
<dependency_failed type='abstract_with_unique_concrete_subtype' ctxk='java/nio/CharBuffer' x='java/nio/HeapCharBuffer' witness='java/nio/StringCharBuffer' stamp='694.476'/>
<dependency_failed type='leaf_type' ctxk='java/io/FileInputStream' witness='java/net/SocketInputStream' stamp='694.594'/>
<dependency_failed type='leaf_type' ctxk='java/io/FileInputStream' witness='java/net/SocketInputStream' stamp='694.594'/>
<dependency_failed type='leaf_type' ctxk='java/io/FileOutputStream' witness='java/net/SocketOutputStream' stamp='694.596'/>
<dependency_failed type='leaf_type' ctxk='java/io/FileOutputStream' witness='java/net/SocketOutputStream' stamp='694.596'/>
<dependency_failed type='leaf_type' ctxk='java/io/FileOutputStream' witness='java/net/SocketOutputStream' stamp='694.596'/>
<dependency_failed type='leaf_type' ctxk='java/io/FileOutputStream' witness='java/net/SocketOutputStream' stamp='694.596'/>
<dependency_failed type='leaf_type' ctxk='java/io/FileOutputStream' witness='java/net/SocketOutputStream' stamp='694.596'/>
<dependency_failed type='leaf_type' ctxk='java/io/FileOutputStream' witness='java/net/SocketOutputStream' stamp='694.596'/>
<dependency_failed type='leaf_type' ctxk='java/io/FileOutputStream' witness='java/net/SocketOutputStream' stamp='694.596'/>
<dependency_failed type='leaf_type' ctxk='java/io/FileOutputStream' witness='java/net/SocketOutputStream' stamp='694.596'/>
<dependency_failed type='leaf_type' ctxk='java/io/FileOutputStream' witness='java/net/SocketOutputStream' stamp='694.596'/>
<dependency_failed type='unique_concrete_method' ctxk='java/io/ByteArrayOutputStream' x='java/io/ByteArrayOutputStream write ([BII)V' witness='sun/security/ssl/HandshakeOutStream' stamp='694.606'/>
<dependency_failed type='unique_concrete_method' ctxk='java/io/ByteArrayOutputStream' x='java/io/ByteArrayOutputStream write ([BII)V' witness='sun/security/ssl/HandshakeOutStream' stamp='694.606'/>
<dependency_failed type='abstract_with_unique_concrete_subtype' ctxk='sun/security/provider/SHA5' x='sun/security/provider/SHA5$SHA512' witness='sun/security/provider/SHA5$SHA384' stamp='694.653'/>
<dependency_failed type='abstract_with_unique_concrete_subtype' ctxk='sun/security/provider/SHA5' x='sun/security/provider/SHA5$SHA512' witness='sun/security/provider/SHA5$SHA384' stamp='694.653'/>
<dependency_failed type='abstract_with_unique_concrete_subtype' ctxk='sun/security/provider/SHA5' x='sun/security/provider/SHA5$SHA512' witness='sun/security/provider/SHA5$SHA384' stamp='694.653'/>
<dependency_failed type='abstract_with_unique_concrete_subtype' ctxk='sun/security/provider/SHA5' x='sun/security/provider/SHA5$SHA512' witness='sun/security/provider/SHA5$SHA384' stamp='694.653'/>
<dependency_failed type='abstract_with_unique_concrete_subtype' ctxk='sun/security/provider/SHA5' x='sun/security/provider/SHA5$SHA512' witness='sun/security/provider/SHA5$SHA384' stamp='694.653'/>
<dependency_failed type='abstract_with_unique_concrete_subtype' ctxk='sun/security/provider/SHA2' x='sun/security/provider/SHA2$SHA256' witness='sun/security/provider/SHA2$SHA224' stamp='694.657'/>
<dependency_failed type='abstract_with_unique_concrete_subtype' ctxk='sun/security/provider/SHA2' x='sun/security/provider/SHA2$SHA256' witness='sun/security/provider/SHA2$SHA224' stamp='694.657'/>
<dependency_failed type='abstract_with_unique_concrete_subtype' ctxk='sun/security/provider/SHA2' x='sun/security/provider/SHA2$SHA256' witness='sun/security/provider/SHA2$SHA224' stamp='694.657'/>
<dependency_failed type='abstract_with_unique_concrete_subtype' ctxk='sun/security/provider/SHA2' x='sun/security/provider/SHA2$SHA256' witness='sun/security/provider/SHA2$SHA224' stamp='694.657'/>
<dependency_failed type='abstract_with_unique_concrete_subtype' ctxk='sun/security/provider/SHA2' x='sun/security/provider/SHA2$SHA256' witness='sun/security/provider/SHA2$SHA224' stamp='694.657'/>
<dependency_failed type='abstract_with_unique_concrete_subtype' ctxk='sun/security/provider/SHA2' x='sun/security/provider/SHA2$SHA256' witness='sun/security/provider/SHA2$SHA224' stamp='694.657'/>
<dependency_failed type='abstract_with_unique_concrete_subtype' ctxk='sun/security/provider/SHA2' x='sun/security/provider/SHA2$SHA256' witness='sun/security/provider/SHA2$SHA224' stamp='694.657'/>
<dependency_failed type='abstract_with_unique_concrete_subtype' ctxk='sun/security/provider/SHA2' x='sun/security/provider/SHA2$SHA256' witness='sun/security/provider/SHA2$SHA224' stamp='694.657'/>
<dependency_failed type='abstract_with_unique_concrete_subtype' ctxk='sun/security/provider/SHA2' x='sun/security/provider/SHA2$SHA256' witness='sun/security/provider/SHA2$SHA224' stamp='694.657'/>
<dependency_failed type='abstract_with_unique_concrete_subtype' ctxk='sun/security/provider/SHA2' x='sun/security/provider/SHA2$SHA256' witness='sun/security/provider/SHA2$SHA224' stamp='694.657'/>
<dependency_failed type='abstract_with_unique_concrete_subtype' ctxk='sun/security/provider/SHA2' x='sun/security/provider/SHA2$SHA256' witness='sun/security/provider/SHA2$SHA224' stamp='694.657'/>
<dependency_failed type='abstract_with_unique_concrete_subtype' ctxk='sun/security/provider/SHA2' x='sun/security/provider/SHA2$SHA256' witness='sun/security/provider/SHA2$SHA224' stamp='694.657'/>
<dependency_failed type='abstract_with_unique_concrete_subtype' ctxk='java/lang/CharacterData' x='java/lang/CharacterDataLatin1' witness='java/lang/CharacterData00' stamp='694.695'/>
<dependency_failed type='abstract_with_unique_concrete_subtype' ctxk='java/lang/CharacterData' x='java/lang/CharacterDataLatin1' witness='java/lang/CharacterData00' stamp='694.695'/>
<dependency_failed type='abstract_with_unique_concrete_subtype' ctxk='java/lang/CharacterData' x='java/lang/CharacterDataLatin1' witness='java/lang/CharacterData00' stamp='694.695'/>
<dependency_failed type='abstract_with_unique_concrete_subtype' ctxk='java/lang/CharacterData' x='java/lang/CharacterDataLatin1' witness='java/lang/CharacterData00' stamp='694.695'/>
<dependency_failed type='abstract_with_unique_concrete_subtype' ctxk='java/lang/CharacterData' x='java/lang/CharacterDataLatin1' witness='java/lang/CharacterData00' stamp='694.695'/>
<dependency_failed type='abstract_with_unique_concrete_subtype' ctxk='java/lang/CharacterData' x='java/lang/CharacterDataLatin1' witness='java/lang/CharacterData00' stamp='694.695'/>
<dependency_failed type='abstract_with_unique_concrete_subtype' ctxk='java/lang/CharacterData' x='java/lang/CharacterDataLatin1' witness='java/lang/CharacterData00' stamp='694.695'/>
<dependency_failed type='abstract_with_unique_concrete_subtype' ctxk='java/lang/CharacterData' x='java/lang/CharacterDataLatin1' witness='java/lang/CharacterData00' stamp='694.695'/>
<dependency_failed type='abstract_with_unique_concrete_subtype' ctxk='java/lang/CharacterData' x='java/lang/CharacterDataLatin1' witness='java/lang/CharacterData00' stamp='694.695'/>
<dependency_failed type='abstract_with_unique_concrete_subtype' ctxk='java/lang/CharacterData' x='java/lang/CharacterDataLatin1' witness='java/lang/CharacterData00' stamp='694.695'/>
<dependency_failed type='abstract_with_unique_concrete_subtype' ctxk='java/lang/CharacterData' x='java/lang/CharacterDataLatin1' witness='java/lang/CharacterData00' stamp='694.695'/>
<dependency_failed type='abstract_with_unique_concrete_subtype' ctxk='java/lang/CharacterData' x='java/lang/CharacterDataLatin1' witness='java/lang/CharacterData00' stamp='694.696'/>
<dependency_failed type='abstract_with_unique_concrete_subtype' ctxk='java/lang/CharacterData' x='java/lang/CharacterDataLatin1' witness='java/lang/CharacterData00' stamp='694.696'/>
<dependency_failed type='abstract_with_unique_concrete_subtype' ctxk='java/lang/CharacterData' x='java/lang/CharacterDataLatin1' witness='java/lang/CharacterData00' stamp='694.696'/>
<dependency_failed type='abstract_with_unique_concrete_subtype' ctxk='java/lang/CharacterData' x='java/lang/CharacterDataLatin1' witness='java/lang/CharacterData00' stamp='694.696'/>
<dependency_failed type='abstract_with_unique_concrete_subtype' ctxk='java/lang/CharacterData' x='java/lang/CharacterDataLatin1' witness='java/lang/CharacterData00' stamp='694.696'/>
<dependency_failed type='abstract_with_unique_concrete_subtype' ctxk='java/lang/CharacterData' x='java/lang/CharacterDataLatin1' witness='java/lang/CharacterData00' stamp='694.696'/>
<dependency_failed type='abstract_with_unique_concrete_subtype' ctxk='java/lang/CharacterData' x='java/lang/CharacterDataLatin1' witness='java/lang/CharacterData00' stamp='694.696'/>
<dependency_failed type='abstract_with_unique_concrete_subtype' ctxk='java/lang/CharacterData' x='java/lang/CharacterDataLatin1' witness='java/lang/CharacterData00' stamp='694.696'/>
<dependency_failed type='abstract_with_unique_concrete_subtype' ctxk='java/lang/CharacterData' x='java/lang/CharacterDataLatin1' witness='java/lang/CharacterData00' stamp='694.696'/>
<dependency_failed type='abstract_with_unique_concrete_subtype' ctxk='java/lang/CharacterData' x='java/lang/CharacterDataLatin1' witness='java/lang/CharacterData00' stamp='694.696'/>
<dependency_failed type='abstract_with_unique_concrete_subtype' ctxk='java/lang/CharacterData' x='java/lang/CharacterDataLatin1' witness='java/lang/CharacterData00' stamp='694.696'/>
<dependency_failed type='abstract_with_unique_concrete_subtype' ctxk='java/lang/CharacterData' x='java/lang/CharacterDataLatin1' witness='java/lang/CharacterData00' stamp='694.696'/>
<dependency_failed type='abstract_with_unique_concrete_subtype' ctxk='java/lang/CharacterData' x='java/lang/CharacterDataLatin1' witness='java/lang/CharacterData00' stamp='694.696'/>
<dependency_failed type='abstract_with_unique_concrete_subtype' ctxk='java/lang/CharacterData' x='java/lang/CharacterDataLatin1' witness='java/lang/CharacterData00' stamp='694.696'/>
<dependency_failed type='abstract_with_unique_concrete_subtype' ctxk='java/lang/CharacterData' x='java/lang/CharacterDataLatin1' witness='java/lang/CharacterData00' stamp='694.696'/>
<dependency_failed type='abstract_with_unique_concrete_subtype' ctxk='java/lang/CharacterData' x='java/lang/CharacterDataLatin1' witness='java/lang/CharacterData00' stamp='694.696'/>
<dependency_failed type='abstract_with_unique_concrete_subtype' ctxk='java/lang/CharacterData' x='java/lang/CharacterDataLatin1' witness='java/lang/CharacterData00' stamp='694.696'/>
<dependency_failed type='abstract_with_unique_concrete_subtype' ctxk='java/lang/CharacterData' x='java/lang/CharacterDataLatin1' witness='java/lang/CharacterData00' stamp='694.696'/>
<writer thread='139656016246528'/>
<dependency_failed type='unique_concrete_method' ctxk='org/codehaus/groovy/runtime/callsite/AbstractCallSite' x='org/codehaus/groovy/runtime/callsite/AbstractCallSite callGetProperty (Ljava/lang/Object;)Ljava/lang/Object;' witness='org/codehaus/groovy/runtime/callsite/GetEffectivePogoPropertySite' stamp='2119.504'/>
<dependency_failed type='unique_concrete_method' ctxk='org/codehaus/groovy/runtime/callsite/CallSite' x='org/codehaus/groovy/runtime/callsite/AbstractCallSite callGetProperty (Ljava/lang/Object;)Ljava/lang/Object;' witness='org/codehaus/groovy/runtime/callsite/GetEffectivePogoPropertySite' stamp='2119.504'/>
<dependency_failed type='unique_concrete_method' ctxk='org/codehaus/groovy/runtime/callsite/CallSite' x='org/codehaus/groovy/runtime/callsite/AbstractCallSite callGetProperty (Ljava/lang/Object;)Ljava/lang/Object;' witness='org/codehaus/groovy/runtime/callsite/GetEffectivePogoPropertySite' stamp='2119.504'/>
<writer thread='139656835524352'/>
<dependency_failed type='leaf_type' ctxk='javax/ws/rs/core/MediaType' witness='org/jboss/resteasy/util/WeightedMediaType' stamp='2132.328'/>
<dependency_failed type='leaf_type' ctxk='javax/ws/rs/core/MediaType' witness='org/jboss/resteasy/util/WeightedMediaType' stamp='2132.328'/>
<dependency_failed type='leaf_type' ctxk='javax/ws/rs/core/MediaType' witness='org/jboss/resteasy/util/WeightedMediaType' stamp='2132.328'/>
<dependency_failed type='leaf_type' ctxk='javax/ws/rs/core/MediaType' witness='org/jboss/resteasy/util/WeightedMediaType' stamp='2132.328'/>
<dependency_failed type='leaf_type' ctxk='javax/ws/rs/core/MediaType' witness='org/jboss/resteasy/util/WeightedMediaType' stamp='2132.328'/>
<dependency_failed type='leaf_type' ctxk='javax/ws/rs/core/MediaType' witness='org/jboss/resteasy/util/WeightedMediaType' stamp='2132.328'/>
<dependency_failed type='leaf_type' ctxk='javax/ws/rs/core/MediaType' witness='org/jboss/resteasy/util/WeightedMediaType' stamp='2132.328'/>
<dependency_failed type='leaf_type' ctxk='javax/ws/rs/core/MediaType' witness='org/jboss/resteasy/util/WeightedMediaType' stamp='2132.328'/>
<dependency_failed type='leaf_type' ctxk='javax/ws/rs/core/MediaType' witness='org/jboss/resteasy/util/WeightedMediaType' stamp='2132.328'/>
<dependency_failed type='leaf_type' ctxk='javax/ws/rs/core/MediaType' witness='org/jboss/resteasy/util/WeightedMediaType' stamp='2132.328'/>
<dependency_failed type='leaf_type' ctxk='javax/ws/rs/core/MediaType' witness='org/jboss/resteasy/util/WeightedMediaType' stamp='2132.328'/>
<dependency_failed type='leaf_type' ctxk='javax/ws/rs/core/MediaType' witness='org/jboss/resteasy/util/WeightedMediaType' stamp='2132.328'/>
<dependency_failed type='unique_concrete_method' ctxk='javax/ws/rs/Produces' x='com/sun/proxy/$Proxy67 value ()[Ljava/lang/String;' witness='javax/ws/rs/Produces' stamp='2132.355'/>
<dependency_failed type='unique_concrete_method' ctxk='javax/ws/rs/Produces' x='com/sun/proxy/$Proxy67 value ()[Ljava/lang/String;' witness='javax/ws/rs/Produces' stamp='2132.355'/>
<writer thread='139656012035840'/>
<dependency_failed type='leaf_type' ctxk='java/nio/DirectByteBuffer' witness='java/nio/DirectByteBufferR' stamp='2138.114'/>
<dependency_failed type='leaf_type' ctxk='java/nio/DirectByteBuffer' witness='java/nio/DirectByteBufferR' stamp='2138.114'/>
<dependency_fa